<?xml version="1.0" encoding="UTF-8"?>
<coverage generated="1787877744271" clover="3.2.0">
  <project timestamp="1787877744271" name="All files">
    <metrics statements="18" coveredstatements="18" conditionals="13" coveredconditionals="11" methods="2" coveredmethods="2" elements="33" coveredelements="31" complexity="0" loc="18" ncloc="18" packages="1" files="1" classes="1"/>
    <file name="validadores-tarjeta.ts" path="/Users/gersonmercado/pasarela-ecom-app/frontend/src/utilidades/validadores-tarjeta.ts">
      <metrics statements="18" coveredstatements="18" conditionals="13" coveredconditionals="11" methods="2" coveredmethods="2"/>
      <line num="3" count="1" type="stmt"/>
      <line num="4" count="3" type="stmt"/>
      <line num="5" count="3" type="cond" truecount="2" falsecount="0"/>
      <line num="6" count="2" type="cond" truecount="2" falsecount="0"/>
      <line num="7" count="1" type="stmt"/>
      <line num="10" count="1" type="stmt"/>
      <line num="11" count="2" type="stmt"/>
      <line num="12" count="2" type="cond" truecount="4" falsecount="1"/>
      <line num="14" count="2" type="stmt"/>
      <line num="15" count="2" type="stmt"/>
      <line num="17" count="2" type="stmt"/>
      <line num="18" count="32" type="stmt"/>
      <line num="20" count="32" type="cond" truecount="2" falsecount="0"/>
      <line num="21" count="16" type="stmt"/>
      <line num="22" count="16" type="cond" truecount="1" falsecount="1"/>
      <line num="25" count="32" type="stmt"/>
      <line num="26" count="32" type="stmt"/>
      <line num="29" count="2" type="stmt"/>
    </file>
  </project>
</coverage>
