{"/Users/gersonmercado/pasarela-ecom-app/frontend/src/App.tsx": {"path":"/Users/gersonmercado/pasarela-ecom-app/frontend/src/App.tsx","statementMap":{"0":{"start":{"line":9,"column":13},"end":{"line":274,"column":null}},"1":{"start":{"line":10,"column":19},"end":{"line":10,"column":31}},"2":{"start":{"line":11,"column":47},"end":{"line":11,"column":null}},"3":{"start":{"line":11,"column":81},"end":{"line":11,"column":91}},"4":{"start":{"line":12,"column":42},"end":{"line":12,"column":null}},"5":{"start":{"line":13,"column":21},"end":{"line":20,"column":null}},"6":{"start":{"line":22,"column":8},"end":{"line":25,"column":null}},"7":{"start":{"line":23,"column":4},"end":{"line":23,"column":null}},"8":{"start":{"line":24,"column":4},"end":{"line":24,"column":null}},"9":{"start":{"line":27,"column":8},"end":{"line":30,"column":null}},"10":{"start":{"line":28,"column":4},"end":{"line":28,"column":null}},"11":{"start":{"line":29,"column":4},"end":{"line":29,"column":null}},"12":{"start":{"line":32,"column":8},"end":{"line":35,"column":null}},"13":{"start":{"line":33,"column":4},"end":{"line":33,"column":null}},"14":{"start":{"line":34,"column":4},"end":{"line":34,"column":null}},"15":{"start":{"line":37,"column":2},"end":{"line":39,"column":null}},"16":{"start":{"line":38,"column":4},"end":{"line":38,"column":null}},"17":{"start":{"line":41,"column":2},"end":{"line":272,"column":null}}},"fnMap":{"0":{"name":"(anonymous_0)","decl":{"start":{"line":9,"column":13},"end":{"line":9,"column":25}},"loc":{"start":{"line":9,"column":25},"end":{"line":274,"column":null}},"line":9},"1":{"name":"(anonymous_1)","decl":{"start":{"line":11,"column":47},"end":{"line":11,"column":60}},"loc":{"start":{"line":11,"column":81},"end":{"line":11,"column":91}},"line":11},"2":{"name":"(anonymous_2)","decl":{"start":{"line":22,"column":8},"end":{"line":22,"column":31}},"loc":{"start":{"line":22,"column":31},"end":{"line":25,"column":null}},"line":22},"3":{"name":"(anonymous_3)","decl":{"start":{"line":27,"column":8},"end":{"line":27,"column":28}},"loc":{"start":{"line":27,"column":28},"end":{"line":30,"column":null}},"line":27},"4":{"name":"(anonymous_4)","decl":{"start":{"line":32,"column":8},"end":{"line":32,"column":26}},"loc":{"start":{"line":32,"column":26},"end":{"line":35,"column":null}},"line":32}},"branchMap":{"0":{"loc":{"start":{"line":12,"column":51},"end":{"line":12,"column":87}},"type":"binary-expr","locations":[{"start":{"line":12,"column":51},"end":{"line":12,"column":71}},{"start":{"line":12,"column":71},"end":{"line":12,"column":87}}],"line":12},"1":{"loc":{"start":{"line":37,"column":2},"end":{"line":39,"column":null}},"type":"if","locations":[{"start":{"line":37,"column":2},"end":{"line":39,"column":null}},{"start":{},"end":{}}],"line":37},"2":{"loc":{"start":{"line":37,"column":6},"end":{"line":37,"column":48}},"type":"binary-expr","locations":[{"start":{"line":37,"column":6},"end":{"line":37,"column":26}},{"start":{"line":37,"column":26},"end":{"line":37,"column":48}}],"line":37},"3":{"loc":{"start":{"line":155,"column":25},"end":{"line":155,"column":109}},"type":"cond-expr","locations":[{"start":{"line":155,"column":60},"end":{"line":155,"column":93}},{"start":{"line":155,"column":93},"end":{"line":155,"column":109}}],"line":155}},"s":{"0":1,"1":6,"2":6,"3":12,"4":6,"5":6,"6":6,"7":1,"8":1,"9":6,"10":1,"11":1,"12":6,"13":1,"14":1,"15":6,"16":1,"17":5},"f":{"0":6,"1":12,"2":1,"3":1,"4":1},"b":{"0":[6,5],"1":[1,5],"2":[6,1],"3":[5,0]},"meta":{"lastBranch":4,"lastFunction":5,"lastStatement":18,"seen":{"s:9:13:274:Infinity":0,"f:9:13:9:25":0,"s:10:19:10:31":1,"s:11:47:11:Infinity":2,"f:11:47:11:60":1,"s:11:81:11:91":3,"s:12:42:12:Infinity":4,"b:12:51:12:71:12:71:12:87":0,"s:13:21:20:Infinity":5,"s:22:8:25:Infinity":6,"f:22:8:22:31":2,"s:23:4:23:Infinity":7,"s:24:4:24:Infinity":8,"s:27:8:30:Infinity":9,"f:27:8:27:28":3,"s:28:4:28:Infinity":10,"s:29:4:29:Infinity":11,"s:32:8:35:Infinity":12,"f:32:8:32:26":4,"s:33:4:33:Infinity":13,"s:34:4:34:Infinity":14,"b:37:2:39:Infinity:undefined:undefined:undefined:undefined":1,"s:37:2:39:Infinity":15,"b:37:6:37:26:37:26:37:48":2,"s:38:4:38:Infinity":16,"s:41:2:272:Infinity":17,"b:155:60:155:93:155:93:155:109":3},"fnNames":{}}}
,"/Users/gersonmercado/pasarela-ecom-app/frontend/src/componentes/pago/ModalPago.tsx": {"path":"/Users/gersonmercado/pasarela-ecom-app/frontend/src/componentes/pago/ModalPago.tsx","statementMap":{"0":{"start":{"line":33,"column":13},"end":{"line":625,"column":null}},"1":{"start":{"line":34,"column":19},"end":{"line":34,"column":31}},"2":{"start":{"line":35,"column":49},"end":{"line":35,"column":null}},"3":{"start":{"line":35,"column":83},"end":{"line":35,"column":93}},"4":{"start":{"line":37,"column":34},"end":{"line":37,"column":null}},"5":{"start":{"line":38,"column":44},"end":{"line":38,"column":null}},"6":{"start":{"line":39,"column":48},"end":{"line":39,"column":null}},"7":{"start":{"line":40,"column":62},"end":{"line":40,"column":null}},"8":{"start":{"line":41,"column":46},"end":{"line":41,"column":null}},"9":{"start":{"line":43,"column":2},"end":{"line":43,"column":null}},"10":{"start":{"line":43,"column":16},"end":{"line":43,"column":null}},"11":{"start":{"line":45,"column":21},"end":{"line":45,"column":null}},"12":{"start":{"line":46,"column":24},"end":{"line":46,"column":null}},"13":{"start":{"line":47,"column":23},"end":{"line":47,"column":null}},"14":{"start":{"line":50,"column":8},"end":{"line":54,"column":null}},"15":{"start":{"line":51,"column":24},"end":{"line":51,"column":null}},"16":{"start":{"line":52,"column":23},"end":{"line":52,"column":null}},"17":{"start":{"line":53,"column":4},"end":{"line":53,"column":null}},"18":{"start":{"line":56,"column":27},"end":{"line":179,"column":null}},"19":{"start":{"line":57,"column":4},"end":{"line":57,"column":null}},"20":{"start":{"line":58,"column":4},"end":{"line":58,"column":null}},"21":{"start":{"line":59,"column":4},"end":{"line":59,"column":null}},"22":{"start":{"line":61,"column":4},"end":{"line":64,"column":null}},"23":{"start":{"line":62,"column":6},"end":{"line":62,"column":null}},"24":{"start":{"line":63,"column":6},"end":{"line":63,"column":null}},"25":{"start":{"line":66,"column":4},"end":{"line":69,"column":null}},"26":{"start":{"line":67,"column":6},"end":{"line":67,"column":null}},"27":{"start":{"line":68,"column":6},"end":{"line":68,"column":null}},"28":{"start":{"line":71,"column":4},"end":{"line":74,"column":null}},"29":{"start":{"line":72,"column":6},"end":{"line":72,"column":null}},"30":{"start":{"line":73,"column":6},"end":{"line":73,"column":null}},"31":{"start":{"line":76,"column":4},"end":{"line":79,"column":null}},"32":{"start":{"line":77,"column":6},"end":{"line":77,"column":null}},"33":{"start":{"line":78,"column":6},"end":{"line":78,"column":null}},"34":{"start":{"line":81,"column":4},"end":{"line":84,"column":null}},"35":{"start":{"line":82,"column":6},"end":{"line":82,"column":null}},"36":{"start":{"line":83,"column":6},"end":{"line":83,"column":null}},"37":{"start":{"line":86,"column":4},"end":{"line":89,"column":null}},"38":{"start":{"line":87,"column":6},"end":{"line":87,"column":null}},"39":{"start":{"line":88,"column":6},"end":{"line":88,"column":null}},"40":{"start":{"line":91,"column":4},"end":{"line":94,"column":null}},"41":{"start":{"line":92,"column":6},"end":{"line":92,"column":null}},"42":{"start":{"line":93,"column":6},"end":{"line":93,"column":null}},"43":{"start":{"line":96,"column":4},"end":{"line":96,"column":null}},"44":{"start":{"line":97,"column":4},"end":{"line":97,"column":null}},"45":{"start":{"line":99,"column":4},"end":{"line":178,"column":null}},"46":{"start":{"line":100,"column":27},"end":{"line":100,"column":null}},"47":{"start":{"line":101,"column":25},"end":{"line":101,"column":null}},"48":{"start":{"line":102,"column":25},"end":{"line":102,"column":null}},"49":{"start":{"line":105,"column":26},"end":{"line":105,"column":null}},"50":{"start":{"line":106,"column":30},"end":{"line":106,"column":null}},"51":{"start":{"line":108,"column":6},"end":{"line":108,"column":null}},"52":{"start":{"line":111,"column":28},"end":{"line":111,"column":null}},"53":{"start":{"line":112,"column":29},"end":{"line":114,"column":null}},"54":{"start":{"line":116,"column":25},"end":{"line":131,"column":null}},"55":{"start":{"line":133,"column":27},"end":{"line":133,"column":null}},"56":{"start":{"line":135,"column":6},"end":{"line":135,"column":null}},"57":{"start":{"line":138,"column":22},"end":{"line":156,"column":null}},"58":{"start":{"line":159,"column":6},"end":{"line":159,"column":null}},"59":{"start":{"line":160,"column":6},"end":{"line":160,"column":null}},"60":{"start":{"line":162,"column":6},"end":{"line":174,"column":null}},"61":{"start":{"line":164,"column":10},"end":{"line":168,"column":null}},"62":{"start":{"line":169,"column":8},"end":{"line":169,"column":null}},"63":{"start":{"line":170,"column":13},"end":{"line":174,"column":null}},"64":{"start":{"line":171,"column":8},"end":{"line":171,"column":null}},"65":{"start":{"line":173,"column":8},"end":{"line":173,"column":null}},"66":{"start":{"line":176,"column":6},"end":{"line":176,"column":null}},"67":{"start":{"line":177,"column":6},"end":{"line":177,"column":null}},"68":{"start":{"line":181,"column":2},"end":{"line":623,"column":null}},"69":{"start":{"line":185,"column":8},"end":{"line":185,"column":null}},"70":{"start":{"line":185,"column":55},"end":{"line":185,"column":null}},"71":{"start":{"line":241,"column":29},"end":{"line":241,"column":null}},"72":{"start":{"line":400,"column":37},"end":{"line":400,"column":null}},"73":{"start":{"line":419,"column":37},"end":{"line":419,"column":null}},"74":{"start":{"line":449,"column":39},"end":{"line":449,"column":null}},"75":{"start":{"line":458,"column":39},"end":{"line":458,"column":null}},"76":{"start":{"line":476,"column":39},"end":{"line":476,"column":null}},"77":{"start":{"line":489,"column":37},"end":{"line":489,"column":null}},"78":{"start":{"line":492,"column":58},"end":{"line":492,"column":63}},"79":{"start":{"line":493,"column":22},"end":{"line":495,"column":null}},"80":{"start":{"line":519,"column":37},"end":{"line":519,"column":null}},"81":{"start":{"line":537,"column":37},"end":{"line":537,"column":null}},"82":{"start":{"line":552,"column":37},"end":{"line":552,"column":null}},"83":{"start":{"line":561,"column":37},"end":{"line":561,"column":null}},"84":{"start":{"line":574,"column":35},"end":{"line":574,"column":null}}},"fnMap":{"0":{"name":"(anonymous_0)","decl":{"start":{"line":33,"column":13},"end":{"line":33,"column":43}},"loc":{"start":{"line":33,"column":69},"end":{"line":625,"column":null}},"line":33},"1":{"name":"(anonymous_1)","decl":{"start":{"line":35,"column":49},"end":{"line":35,"column":62}},"loc":{"start":{"line":35,"column":83},"end":{"line":35,"column":93}},"line":35},"2":{"name":"(anonymous_2)","decl":{"start":{"line":50,"column":8},"end":{"line":50,"column":38}},"loc":{"start":{"line":50,"column":56},"end":{"line":54,"column":null}},"line":50},"3":{"name":"(anonymous_3)","decl":{"start":{"line":56,"column":27},"end":{"line":56,"column":34}},"loc":{"start":{"line":56,"column":57},"end":{"line":179,"column":null}},"line":56},"4":{"name":"(anonymous_4)","decl":{"start":{"line":184,"column":6},"end":{"line":184,"column":16}},"loc":{"start":{"line":184,"column":22},"end":{"line":186,"column":null}},"line":184},"5":{"name":"(anonymous_5)","decl":{"start":{"line":241,"column":14},"end":{"line":241,"column":29}},"loc":{"start":{"line":241,"column":29},"end":{"line":241,"column":null}},"line":241},"6":{"name":"(anonymous_6)","decl":{"start":{"line":400,"column":20},"end":{"line":400,"column":31}},"loc":{"start":{"line":400,"column":37},"end":{"line":400,"column":null}},"line":400},"7":{"name":"(anonymous_7)","decl":{"start":{"line":419,"column":20},"end":{"line":419,"column":31}},"loc":{"start":{"line":419,"column":37},"end":{"line":419,"column":null}},"line":419},"8":{"name":"(anonymous_8)","decl":{"start":{"line":449,"column":22},"end":{"line":449,"column":33}},"loc":{"start":{"line":449,"column":39},"end":{"line":449,"column":null}},"line":449},"9":{"name":"(anonymous_9)","decl":{"start":{"line":458,"column":22},"end":{"line":458,"column":33}},"loc":{"start":{"line":458,"column":39},"end":{"line":458,"column":null}},"line":458},"10":{"name":"(anonymous_10)","decl":{"start":{"line":476,"column":22},"end":{"line":476,"column":33}},"loc":{"start":{"line":476,"column":39},"end":{"line":476,"column":null}},"line":476},"11":{"name":"(anonymous_11)","decl":{"start":{"line":489,"column":20},"end":{"line":489,"column":31}},"loc":{"start":{"line":489,"column":37},"end":{"line":489,"column":null}},"line":489},"12":{"name":"(anonymous_12)","decl":{"start":{"line":492,"column":45},"end":{"line":492,"column":49}},"loc":{"start":{"line":492,"column":58},"end":{"line":492,"column":63}},"line":492},"13":{"name":"(anonymous_13)","decl":{"start":{"line":492,"column":65},"end":{"line":492,"column":70}},"loc":{"start":{"line":493,"column":22},"end":{"line":495,"column":null}},"line":493},"14":{"name":"(anonymous_14)","decl":{"start":{"line":519,"column":20},"end":{"line":519,"column":31}},"loc":{"start":{"line":519,"column":37},"end":{"line":519,"column":null}},"line":519},"15":{"name":"(anonymous_15)","decl":{"start":{"line":537,"column":20},"end":{"line":537,"column":31}},"loc":{"start":{"line":537,"column":37},"end":{"line":537,"column":null}},"line":537},"16":{"name":"(anonymous_16)","decl":{"start":{"line":552,"column":20},"end":{"line":552,"column":31}},"loc":{"start":{"line":552,"column":37},"end":{"line":552,"column":null}},"line":552},"17":{"name":"(anonymous_17)","decl":{"start":{"line":561,"column":20},"end":{"line":561,"column":31}},"loc":{"start":{"line":561,"column":37},"end":{"line":561,"column":null}},"line":561},"18":{"name":"(anonymous_18)","decl":{"start":{"line":574,"column":18},"end":{"line":574,"column":29}},"loc":{"start":{"line":574,"column":35},"end":{"line":574,"column":null}},"line":574}},"branchMap":{"0":{"loc":{"start":{"line":43,"column":2},"end":{"line":43,"column":null}},"type":"if","locations":[{"start":{"line":43,"column":2},"end":{"line":43,"column":null}},{"start":{},"end":{}}],"line":43},"1":{"loc":{"start":{"line":61,"column":4},"end":{"line":64,"column":null}},"type":"if","locations":[{"start":{"line":61,"column":4},"end":{"line":64,"column":null}},{"start":{},"end":{}}],"line":61},"2":{"loc":{"start":{"line":66,"column":4},"end":{"line":69,"column":null}},"type":"if","locations":[{"start":{"line":66,"column":4},"end":{"line":69,"column":null}},{"start":{},"end":{}}],"line":66},"3":{"loc":{"start":{"line":71,"column":4},"end":{"line":74,"column":null}},"type":"if","locations":[{"start":{"line":71,"column":4},"end":{"line":74,"column":null}},{"start":{},"end":{}}],"line":71},"4":{"loc":{"start":{"line":71,"column":8},"end":{"line":71,"column":71}},"type":"binary-expr","locations":[{"start":{"line":71,"column":8},"end":{"line":71,"column":40}},{"start":{"line":71,"column":40},"end":{"line":71,"column":71}}],"line":71},"5":{"loc":{"start":{"line":76,"column":4},"end":{"line":79,"column":null}},"type":"if","locations":[{"start":{"line":76,"column":4},"end":{"line":79,"column":null}},{"start":{},"end":{}}],"line":76},"6":{"loc":{"start":{"line":76,"column":8},"end":{"line":76,"column":58}},"type":"binary-expr","locations":[{"start":{"line":76,"column":8},"end":{"line":76,"column":29}},{"start":{"line":76,"column":29},"end":{"line":76,"column":58}}],"line":76},"7":{"loc":{"start":{"line":81,"column":4},"end":{"line":84,"column":null}},"type":"if","locations":[{"start":{"line":81,"column":4},"end":{"line":84,"column":null}},{"start":{},"end":{}}],"line":81},"8":{"loc":{"start":{"line":81,"column":8},"end":{"line":81,"column":97}},"type":"binary-expr","locations":[{"start":{"line":81,"column":8},"end":{"line":81,"column":50}},{"start":{"line":81,"column":50},"end":{"line":81,"column":97}}],"line":81},"9":{"loc":{"start":{"line":86,"column":4},"end":{"line":89,"column":null}},"type":"if","locations":[{"start":{"line":86,"column":4},"end":{"line":89,"column":null}},{"start":{},"end":{}}],"line":86},"10":{"loc":{"start":{"line":91,"column":4},"end":{"line":94,"column":null}},"type":"if","locations":[{"start":{"line":91,"column":4},"end":{"line":94,"column":null}},{"start":{},"end":{}}],"line":91},"11":{"loc":{"start":{"line":100,"column":27},"end":{"line":100,"column":null}},"type":"binary-expr","locations":[{"start":{"line":100,"column":27},"end":{"line":100,"column":65}},{"start":{"line":100,"column":65},"end":{"line":100,"column":null}}],"line":100},"12":{"loc":{"start":{"line":101,"column":25},"end":{"line":101,"column":null}},"type":"binary-expr","locations":[{"start":{"line":101,"column":25},"end":{"line":101,"column":67}},{"start":{"line":101,"column":67},"end":{"line":101,"column":null}}],"line":101},"13":{"loc":{"start":{"line":102,"column":25},"end":{"line":102,"column":null}},"type":"binary-expr","locations":[{"start":{"line":102,"column":25},"end":{"line":102,"column":57}},{"start":{"line":102,"column":57},"end":{"line":102,"column":null}}],"line":102},"14":{"loc":{"start":{"line":112,"column":29},"end":{"line":114,"column":null}},"type":"cond-expr","locations":[{"start":{"line":113,"column":10},"end":{"line":113,"column":null}},{"start":{"line":114,"column":10},"end":{"line":114,"column":null}}],"line":112},"15":{"loc":{"start":{"line":123,"column":23},"end":{"line":123,"column":null}},"type":"binary-expr","locations":[{"start":{"line":123,"column":23},"end":{"line":123,"column":60}},{"start":{"line":123,"column":60},"end":{"line":123,"column":null}}],"line":123},"16":{"loc":{"start":{"line":142,"column":16},"end":{"line":142,"column":null}},"type":"binary-expr","locations":[{"start":{"line":142,"column":16},"end":{"line":142,"column":39}},{"start":{"line":142,"column":39},"end":{"line":142,"column":null}}],"line":142},"17":{"loc":{"start":{"line":144,"column":26},"end":{"line":144,"column":null}},"type":"binary-expr","locations":[{"start":{"line":144,"column":26},"end":{"line":144,"column":57}},{"start":{"line":144,"column":57},"end":{"line":144,"column":null}}],"line":144},"18":{"loc":{"start":{"line":146,"column":26},"end":{"line":146,"column":null}},"type":"binary-expr","locations":[{"start":{"line":146,"column":26},"end":{"line":146,"column":57}},{"start":{"line":146,"column":57},"end":{"line":146,"column":null}}],"line":146},"19":{"loc":{"start":{"line":147,"column":25},"end":{"line":147,"column":null}},"type":"binary-expr","locations":[{"start":{"line":147,"column":25},"end":{"line":147,"column":55}},{"start":{"line":147,"column":55},"end":{"line":147,"column":null}}],"line":147},"20":{"loc":{"start":{"line":148,"column":27},"end":{"line":148,"column":null}},"type":"binary-expr","locations":[{"start":{"line":148,"column":27},"end":{"line":148,"column":59}},{"start":{"line":148,"column":59},"end":{"line":148,"column":null}}],"line":148},"21":{"loc":{"start":{"line":152,"column":18},"end":{"line":152,"column":null}},"type":"binary-expr","locations":[{"start":{"line":152,"column":18},"end":{"line":152,"column":41}},{"start":{"line":152,"column":41},"end":{"line":152,"column":null}}],"line":152},"22":{"loc":{"start":{"line":153,"column":24},"end":{"line":153,"column":null}},"type":"binary-expr","locations":[{"start":{"line":153,"column":24},"end":{"line":153,"column":53}},{"start":{"line":153,"column":53},"end":{"line":153,"column":null}}],"line":153},"23":{"loc":{"start":{"line":162,"column":6},"end":{"line":174,"column":null}},"type":"if","locations":[{"start":{"line":162,"column":6},"end":{"line":174,"column":null}},{"start":{"line":170,"column":13},"end":{"line":174,"column":null}}],"line":162},"24":{"loc":{"start":{"line":164,"column":10},"end":{"line":168,"column":null}},"type":"binary-expr","locations":[{"start":{"line":164,"column":10},"end":{"line":164,"column":null}},{"start":{"line":165,"column":10},"end":{"line":165,"column":null}},{"start":{"line":166,"column":10},"end":{"line":166,"column":null}},{"start":{"line":167,"column":10},"end":{"line":167,"column":null}},{"start":{"line":168,"column":10},"end":{"line":168,"column":null}}],"line":164},"25":{"loc":{"start":{"line":170,"column":13},"end":{"line":174,"column":null}},"type":"if","locations":[{"start":{"line":170,"column":13},"end":{"line":174,"column":null}},{"start":{"line":172,"column":13},"end":{"line":174,"column":null}}],"line":170},"26":{"loc":{"start":{"line":185,"column":8},"end":{"line":185,"column":null}},"type":"if","locations":[{"start":{"line":185,"column":8},"end":{"line":185,"column":null}},{"start":{},"end":{}}],"line":185},"27":{"loc":{"start":{"line":185,"column":12},"end":{"line":185,"column":55}},"type":"binary-expr","locations":[{"start":{"line":185,"column":12},"end":{"line":185,"column":44}},{"start":{"line":185,"column":44},"end":{"line":185,"column":55}}],"line":185},"28":{"loc":{"start":{"line":245,"column":21},"end":{"line":245,"column":86}},"type":"cond-expr","locations":[{"start":{"line":245,"column":46},"end":{"line":245,"column":66}},{"start":{"line":245,"column":66},"end":{"line":245,"column":86}}],"line":245},"29":{"loc":{"start":{"line":246,"column":15},"end":{"line":246,"column":null}},"type":"cond-expr","locations":[{"start":{"line":246,"column":40},"end":{"line":246,"column":77}},{"start":{"line":246,"column":76},"end":{"line":246,"column":null}}],"line":246},"30":{"loc":{"start":{"line":251,"column":11},"end":{"line":297,"column":null}},"type":"binary-expr","locations":[{"start":{"line":251,"column":11},"end":{"line":251,"column":null}},{"start":{"line":252,"column":12},"end":{"line":297,"column":null}}],"line":251},"31":{"loc":{"start":{"line":327,"column":19},"end":{"line":327,"column":null}},"type":"binary-expr","locations":[{"start":{"line":327,"column":19},"end":{"line":327,"column":33}},{"start":{"line":327,"column":33},"end":{"line":327,"column":null}}],"line":327},"32":{"loc":{"start":{"line":336,"column":17},"end":{"line":336,"column":null}},"type":"cond-expr","locations":[{"start":{"line":336,"column":39},"end":{"line":336,"column":61}},{"start":{"line":336,"column":61},"end":{"line":336,"column":null}}],"line":336},"33":{"loc":{"start":{"line":344,"column":19},"end":{"line":344,"column":null}},"type":"binary-expr","locations":[{"start":{"line":344,"column":19},"end":{"line":344,"column":49}},{"start":{"line":344,"column":49},"end":{"line":344,"column":null}}],"line":344},"34":{"loc":{"start":{"line":352,"column":21},"end":{"line":352,"column":57}},"type":"binary-expr","locations":[{"start":{"line":352,"column":21},"end":{"line":352,"column":52}},{"start":{"line":352,"column":52},"end":{"line":352,"column":57}}],"line":352},"35":{"loc":{"start":{"line":352,"column":59},"end":{"line":352,"column":null}},"type":"binary-expr","locations":[{"start":{"line":352,"column":59},"end":{"line":352,"column":91}},{"start":{"line":352,"column":91},"end":{"line":352,"column":null}}],"line":352},"36":{"loc":{"start":{"line":358,"column":21},"end":{"line":358,"column":null}},"type":"cond-expr","locations":[{"start":{"line":358,"column":40},"end":{"line":358,"column":48}},{"start":{"line":358,"column":48},"end":{"line":358,"column":null}}],"line":358},"37":{"loc":{"start":{"line":366,"column":11},"end":{"line":370,"column":null}},"type":"binary-expr","locations":[{"start":{"line":366,"column":11},"end":{"line":366,"column":null}},{"start":{"line":367,"column":12},"end":{"line":370,"column":null}}],"line":366},"38":{"loc":{"start":{"line":373,"column":11},"end":{"line":377,"column":null}},"type":"binary-expr","locations":[{"start":{"line":373,"column":11},"end":{"line":373,"column":null}},{"start":{"line":374,"column":12},"end":{"line":377,"column":null}}],"line":373},"39":{"loc":{"start":{"line":425,"column":21},"end":{"line":425,"column":null}},"type":"binary-expr","locations":[{"start":{"line":425,"column":21},"end":{"line":425,"column":35}},{"start":{"line":425,"column":35},"end":{"line":425,"column":null}}],"line":425},"40":{"loc":{"start":{"line":428,"column":17},"end":{"line":431,"column":null}},"type":"binary-expr","locations":[{"start":{"line":428,"column":17},"end":{"line":428,"column":35}},{"start":{"line":428,"column":35},"end":{"line":428,"column":null}},{"start":{"line":429,"column":18},"end":{"line":431,"column":null}}],"line":428},"41":{"loc":{"start":{"line":488,"column":27},"end":{"line":488,"column":null}},"type":"binary-expr","locations":[{"start":{"line":488,"column":27},"end":{"line":488,"column":50}},{"start":{"line":488,"column":50},"end":{"line":488,"column":null}}],"line":488},"42":{"loc":{"start":{"line":494,"column":29},"end":{"line":494,"column":null}},"type":"cond-expr","locations":[{"start":{"line":494,"column":39},"end":{"line":494,"column":49}},{"start":{"line":494,"column":49},"end":{"line":494,"column":null}}],"line":494},"43":{"loc":{"start":{"line":551,"column":27},"end":{"line":551,"column":null}},"type":"binary-expr","locations":[{"start":{"line":551,"column":27},"end":{"line":551,"column":50}},{"start":{"line":551,"column":50},"end":{"line":551,"column":null}}],"line":551},"44":{"loc":{"start":{"line":560,"column":27},"end":{"line":560,"column":null}},"type":"binary-expr","locations":[{"start":{"line":560,"column":27},"end":{"line":560,"column":56}},{"start":{"line":560,"column":56},"end":{"line":560,"column":null}}],"line":560},"45":{"loc":{"start":{"line":598,"column":15},"end":{"line":607,"column":null}},"type":"cond-expr","locations":[{"start":{"line":599,"column":16},"end":{"line":604,"column":null}},{"start":{"line":604,"column":16},"end":{"line":607,"column":null}}],"line":598}},"s":{"0":2,"1":54,"2":54,"3":88,"4":54,"5":54,"6":54,"7":54,"8":54,"9":54,"10":5,"11":49,"12":49,"13":49,"14":49,"15":1,"16":1,"17":1,"18":49,"19":12,"20":12,"21":12,"22":12,"23":1,"24":1,"25":11,"26":1,"27":1,"28":10,"29":1,"30":1,"31":9,"32":1,"33":1,"34":8,"35":1,"36":1,"37":7,"38":1,"39":1,"40":6,"41":1,"42":1,"43":5,"44":5,"45":5,"46":5,"47":12,"48":12,"49":12,"50":1,"51":1,"52":1,"53":1,"54":12,"55":1,"56":1,"57":1,"58":1,"59":1,"60":4,"61":2,"62":2,"63":2,"64":1,"65":1,"66":5,"67":5,"68":49,"69":7,"70":1,"71":2,"72":1,"73":1,"74":1,"75":1,"76":1,"77":1,"78":1764,"79":1764,"80":1,"81":1,"82":1,"83":1,"84":2},"f":{"0":54,"1":88,"2":1,"3":12,"4":7,"5":2,"6":1,"7":1,"8":1,"9":1,"10":1,"11":1,"12":1764,"13":1764,"14":1,"15":1,"16":1,"17":1,"18":2},"b":{"0":[5,49],"1":[1,11],"2":[1,10],"3":[1,9],"4":[10,9],"5":[1,8],"6":[9,9],"7":[1,7],"8":[8,8],"9":[1,6],"10":[1,5],"11":[5,5],"12":[12,5],"13":[12,5],"14":[0,1],"15":[12,0],"16":[1,0],"17":[12,0],"18":[12,0],"19":[12,0],"20":[12,0],"21":[12,0],"22":[12,0],"23":[2,2],"24":[2,1,0,0,0],"25":[1,1],"26":[1,6],"27":[7,1],"28":[1,48],"29":[1,48],"30":[54,1],"31":[54,0],"32":[48,1],"33":[54,3],"34":[54,3],"35":[54,3],"36":[48,1],"37":[54,11],"38":[54,6],"39":[54,0],"40":[54,3,2],"41":[54,0],"42":[49,1715],"43":[54,4],"44":[54,4],"45":[6,43]},"meta":{"lastBranch":46,"lastFunction":19,"lastStatement":85,"seen":{"s:33:13:625:Infinity":0,"f:33:13:33:43":0,"s:34:19:34:31":1,"s:35:49:35:Infinity":2,"f:35:49:35:62":1,"s:35:83:35:93":3,"s:37:34:37:Infinity":4,"s:38:44:38:Infinity":5,"s:39:48:39:Infinity":6,"s:40:62:40:Infinity":7,"s:41:46:41:Infinity":8,"b:43:2:43:Infinity:undefined:undefined:undefined:undefined":0,"s:43:2:43:Infinity":9,"s:43:16:43:Infinity":10,"s:45:21:45:Infinity":11,"s:46:24:46:Infinity":12,"s:47:23:47:Infinity":13,"s:50:8:54:Infinity":14,"f:50:8:50:38":2,"s:51:24:51:Infinity":15,"s:52:23:52:Infinity":16,"s:53:4:53:Infinity":17,"s:56:27:179:Infinity":18,"f:56:27:56:34":3,"s:57:4:57:Infinity":19,"s:58:4:58:Infinity":20,"s:59:4:59:Infinity":21,"b:61:4:64:Infinity:undefined:undefined:undefined:undefined":1,"s:61:4:64:Infinity":22,"s:62:6:62:Infinity":23,"s:63:6:63:Infinity":24,"b:66:4:69:Infinity:undefined:undefined:undefined:undefined":2,"s:66:4:69:Infinity":25,"s:67:6:67:Infinity":26,"s:68:6:68:Infinity":27,"b:71:4:74:Infinity:undefined:undefined:undefined:undefined":3,"s:71:4:74:Infinity":28,"b:71:8:71:40:71:40:71:71":4,"s:72:6:72:Infinity":29,"s:73:6:73:Infinity":30,"b:76:4:79:Infinity:undefined:undefined:undefined:undefined":5,"s:76:4:79:Infinity":31,"b:76:8:76:29:76:29:76:58":6,"s:77:6:77:Infinity":32,"s:78:6:78:Infinity":33,"b:81:4:84:Infinity:undefined:undefined:undefined:undefined":7,"s:81:4:84:Infinity":34,"b:81:8:81:50:81:50:81:97":8,"s:82:6:82:Infinity":35,"s:83:6:83:Infinity":36,"b:86:4:89:Infinity:undefined:undefined:undefined:undefined":9,"s:86:4:89:Infinity":37,"s:87:6:87:Infinity":38,"s:88:6:88:Infinity":39,"b:91:4:94:Infinity:undefined:undefined:undefined:undefined":10,"s:91:4:94:Infinity":40,"s:92:6:92:Infinity":41,"s:93:6:93:Infinity":42,"s:96:4:96:Infinity":43,"s:97:4:97:Infinity":44,"s:99:4:178:Infinity":45,"s:100:27:100:Infinity":46,"b:100:27:100:65:100:65:100:Infinity":11,"s:101:25:101:Infinity":47,"b:101:25:101:67:101:67:101:Infinity":12,"s:102:25:102:Infinity":48,"b:102:25:102:57:102:57:102:Infinity":13,"s:105:26:105:Infinity":49,"s:106:30:106:Infinity":50,"s:108:6:108:Infinity":51,"s:111:28:111:Infinity":52,"s:112:29:114:Infinity":53,"b:113:10:113:Infinity:114:10:114:Infinity":14,"s:116:25:131:Infinity":54,"b:123:23:123:60:123:60:123:Infinity":15,"s:133:27:133:Infinity":55,"s:135:6:135:Infinity":56,"s:138:22:156:Infinity":57,"b:142:16:142:39:142:39:142:Infinity":16,"b:144:26:144:57:144:57:144:Infinity":17,"b:146:26:146:57:146:57:146:Infinity":18,"b:147:25:147:55:147:55:147:Infinity":19,"b:148:27:148:59:148:59:148:Infinity":20,"b:152:18:152:41:152:41:152:Infinity":21,"b:153:24:153:53:153:53:153:Infinity":22,"s:159:6:159:Infinity":58,"s:160:6:160:Infinity":59,"b:162:6:174:Infinity:170:13:174:Infinity":23,"s:162:6:174:Infinity":60,"s:164:10:168:Infinity":61,"b:164:10:164:Infinity:165:10:165:Infinity:166:10:166:Infinity:167:10:167:Infinity:168:10:168:Infinity":24,"s:169:8:169:Infinity":62,"b:170:13:174:Infinity:172:13:174:Infinity":25,"s:170:13:174:Infinity":63,"s:171:8:171:Infinity":64,"s:173:8:173:Infinity":65,"s:176:6:176:Infinity":66,"s:177:6:177:Infinity":67,"s:181:2:623:Infinity":68,"f:184:6:184:16":4,"b:185:8:185:Infinity:undefined:undefined:undefined:undefined":26,"s:185:8:185:Infinity":69,"b:185:12:185:44:185:44:185:55":27,"s:185:55:185:Infinity":70,"f:241:14:241:29":5,"s:241:29:241:Infinity":71,"b:245:46:245:66:245:66:245:86":28,"b:246:40:246:77:246:76:246:Infinity":29,"b:251:11:251:Infinity:252:12:297:Infinity":30,"b:327:19:327:33:327:33:327:Infinity":31,"b:336:39:336:61:336:61:336:Infinity":32,"b:344:19:344:49:344:49:344:Infinity":33,"b:352:21:352:52:352:52:352:57":34,"b:352:59:352:91:352:91:352:Infinity":35,"b:358:40:358:48:358:48:358:Infinity":36,"b:366:11:366:Infinity:367:12:370:Infinity":37,"b:373:11:373:Infinity:374:12:377:Infinity":38,"f:400:20:400:31":6,"s:400:37:400:Infinity":72,"f:419:20:419:31":7,"s:419:37:419:Infinity":73,"b:425:21:425:35:425:35:425:Infinity":39,"b:428:17:428:35:428:35:428:Infinity:429:18:431:Infinity":40,"f:449:22:449:33":8,"s:449:39:449:Infinity":74,"f:458:22:458:33":9,"s:458:39:458:Infinity":75,"f:476:22:476:33":10,"s:476:39:476:Infinity":76,"b:488:27:488:50:488:50:488:Infinity":41,"f:489:20:489:31":11,"s:489:37:489:Infinity":77,"f:492:45:492:49":12,"s:492:58:492:63":78,"f:492:65:492:70":13,"s:493:22:495:Infinity":79,"b:494:39:494:49:494:49:494:Infinity":42,"f:519:20:519:31":14,"s:519:37:519:Infinity":80,"f:537:20:537:31":15,"s:537:37:537:Infinity":81,"b:551:27:551:50:551:50:551:Infinity":43,"f:552:20:552:31":16,"s:552:37:552:Infinity":82,"b:560:27:560:56:560:56:560:Infinity":44,"f:561:20:561:31":17,"s:561:37:561:Infinity":83,"f:574:18:574:29":18,"s:574:35:574:Infinity":84,"b:599:16:604:Infinity:604:16:607:Infinity":45},"fnNames":{}}}
,"/Users/gersonmercado/pasarela-ecom-app/frontend/src/componentes/resultado/EstadoTransaccion.tsx": {"path":"/Users/gersonmercado/pasarela-ecom-app/frontend/src/componentes/resultado/EstadoTransaccion.tsx","statementMap":{"0":{"start":{"line":15,"column":13},"end":{"line":222,"column":null}},"1":{"start":{"line":16,"column":49},"end":{"line":16,"column":null}},"2":{"start":{"line":16,"column":83},"end":{"line":16,"column":93}},"3":{"start":{"line":17,"column":32},"end":{"line":17,"column":null}},"4":{"start":{"line":19,"column":20},"end":{"line":19,"column":null}},"5":{"start":{"line":20,"column":22},"end":{"line":20,"column":null}},"6":{"start":{"line":21,"column":22},"end":{"line":27,"column":null}},"7":{"start":{"line":29,"column":8},"end":{"line":35,"column":null}},"8":{"start":{"line":30,"column":4},"end":{"line":34,"column":null}},"9":{"start":{"line":31,"column":6},"end":{"line":31,"column":null}},"10":{"start":{"line":32,"column":6},"end":{"line":32,"column":null}},"11":{"start":{"line":33,"column":6},"end":{"line":33,"column":null}},"12":{"start":{"line":33,"column":23},"end":{"line":33,"column":42}},"13":{"start":{"line":37,"column":2},"end":{"line":220,"column":null}}},"fnMap":{"0":{"name":"(anonymous_0)","decl":{"start":{"line":15,"column":13},"end":{"line":15,"column":51}},"loc":{"start":{"line":15,"column":82},"end":{"line":222,"column":null}},"line":15},"1":{"name":"(anonymous_1)","decl":{"start":{"line":16,"column":49},"end":{"line":16,"column":62}},"loc":{"start":{"line":16,"column":83},"end":{"line":16,"column":93}},"line":16},"2":{"name":"(anonymous_2)","decl":{"start":{"line":29,"column":8},"end":{"line":29,"column":33}},"loc":{"start":{"line":29,"column":33},"end":{"line":35,"column":null}},"line":29},"3":{"name":"(anonymous_3)","decl":{"start":{"line":33,"column":6},"end":{"line":33,"column":23}},"loc":{"start":{"line":33,"column":23},"end":{"line":33,"column":42}},"line":33}},"branchMap":{"0":{"loc":{"start":{"line":30,"column":4},"end":{"line":34,"column":null}},"type":"if","locations":[{"start":{"line":30,"column":4},"end":{"line":34,"column":null}},{"start":{},"end":{}}],"line":30},"1":{"loc":{"start":{"line":62,"column":12},"end":{"line":66,"column":null}},"type":"cond-expr","locations":[{"start":{"line":63,"column":16},"end":{"line":63,"column":null}},{"start":{"line":64,"column":16},"end":{"line":66,"column":null}}],"line":62},"2":{"loc":{"start":{"line":64,"column":16},"end":{"line":66,"column":null}},"type":"cond-expr","locations":[{"start":{"line":65,"column":16},"end":{"line":65,"column":null}},{"start":{"line":66,"column":16},"end":{"line":66,"column":null}}],"line":64},"3":{"loc":{"start":{"line":71,"column":13},"end":{"line":74,"column":null}},"type":"binary-expr","locations":[{"start":{"line":71,"column":13},"end":{"line":71,"column":null}},{"start":{"line":72,"column":14},"end":{"line":74,"column":null}}],"line":71},"4":{"loc":{"start":{"line":76,"column":13},"end":{"line":79,"column":null}},"type":"binary-expr","locations":[{"start":{"line":76,"column":13},"end":{"line":76,"column":null}},{"start":{"line":77,"column":14},"end":{"line":79,"column":null}}],"line":76},"5":{"loc":{"start":{"line":81,"column":13},"end":{"line":84,"column":null}},"type":"binary-expr","locations":[{"start":{"line":81,"column":13},"end":{"line":81,"column":27}},{"start":{"line":81,"column":27},"end":{"line":81,"column":null}},{"start":{"line":82,"column":14},"end":{"line":84,"column":null}}],"line":81},"6":{"loc":{"start":{"line":90,"column":14},"end":{"line":94,"column":null}},"type":"cond-expr","locations":[{"start":{"line":91,"column":18},"end":{"line":91,"column":null}},{"start":{"line":92,"column":18},"end":{"line":94,"column":null}}],"line":90},"7":{"loc":{"start":{"line":92,"column":18},"end":{"line":94,"column":null}},"type":"cond-expr","locations":[{"start":{"line":93,"column":18},"end":{"line":93,"column":null}},{"start":{"line":94,"column":18},"end":{"line":94,"column":null}}],"line":92},"8":{"loc":{"start":{"line":97,"column":13},"end":{"line":97,"column":null}},"type":"cond-expr","locations":[{"start":{"line":97,"column":25},"end":{"line":97,"column":43}},{"start":{"line":97,"column":43},"end":{"line":97,"column":null}}],"line":97},"9":{"loc":{"start":{"line":97,"column":43},"end":{"line":97,"column":null}},"type":"cond-expr","locations":[{"start":{"line":97,"column":57},"end":{"line":97,"column":76}},{"start":{"line":97,"column":76},"end":{"line":97,"column":null}}],"line":97},"10":{"loc":{"start":{"line":101,"column":13},"end":{"line":101,"column":null}},"type":"cond-expr","locations":[{"start":{"line":101,"column":25},"end":{"line":101,"column":53}},{"start":{"line":101,"column":53},"end":{"line":101,"column":null}}],"line":101},"11":{"loc":{"start":{"line":101,"column":53},"end":{"line":101,"column":null}},"type":"cond-expr","locations":[{"start":{"line":101,"column":67},"end":{"line":101,"column":96}},{"start":{"line":101,"column":96},"end":{"line":101,"column":null}}],"line":101},"12":{"loc":{"start":{"line":104,"column":13},"end":{"line":104,"column":null}},"type":"binary-expr","locations":[{"start":{"line":104,"column":13},"end":{"line":104,"column":35}},{"start":{"line":104,"column":35},"end":{"line":104,"column":null}}],"line":104},"13":{"loc":{"start":{"line":104,"column":35},"end":{"line":104,"column":null}},"type":"cond-expr","locations":[{"start":{"line":104,"column":47},"end":{"line":104,"column":110}},{"start":{"line":104,"column":110},"end":{"line":104,"column":null}}],"line":104},"14":{"loc":{"start":{"line":118,"column":11},"end":{"line":136,"column":null}},"type":"binary-expr","locations":[{"start":{"line":118,"column":11},"end":{"line":118,"column":null}},{"start":{"line":119,"column":12},"end":{"line":136,"column":null}}],"line":118},"15":{"loc":{"start":{"line":134,"column":17},"end":{"line":134,"column":null}},"type":"cond-expr","locations":[{"start":{"line":134,"column":27},"end":{"line":134,"column":77}},{"start":{"line":134,"column":76},"end":{"line":134,"column":null}}],"line":134},"16":{"loc":{"start":{"line":152,"column":30},"end":{"line":152,"column":91}},"type":"cond-expr","locations":[{"start":{"line":152,"column":52},"end":{"line":152,"column":84}},{"start":{"line":152,"column":84},"end":{"line":152,"column":91}}],"line":152},"17":{"loc":{"start":{"line":152,"column":94},"end":{"line":152,"column":119}},"type":"binary-expr","locations":[{"start":{"line":152,"column":94},"end":{"line":152,"column":117}},{"start":{"line":152,"column":117},"end":{"line":152,"column":119}}],"line":152},"18":{"loc":{"start":{"line":152,"column":121},"end":{"line":152,"column":176}},"type":"cond-expr","locations":[{"start":{"line":152,"column":157},"end":{"line":152,"column":167}},{"start":{"line":152,"column":167},"end":{"line":152,"column":176}}],"line":152},"19":{"loc":{"start":{"line":156,"column":13},"end":{"line":160,"column":null}},"type":"binary-expr","locations":[{"start":{"line":156,"column":13},"end":{"line":156,"column":null}},{"start":{"line":157,"column":14},"end":{"line":160,"column":null}}],"line":156},"20":{"loc":{"start":{"line":163,"column":13},"end":{"line":167,"column":null}},"type":"binary-expr","locations":[{"start":{"line":163,"column":13},"end":{"line":163,"column":null}},{"start":{"line":164,"column":14},"end":{"line":167,"column":null}}],"line":163},"21":{"loc":{"start":{"line":170,"column":13},"end":{"line":176,"column":null}},"type":"binary-expr","locations":[{"start":{"line":170,"column":13},"end":{"line":170,"column":null}},{"start":{"line":171,"column":14},"end":{"line":176,"column":null}}],"line":170}},"s":{"0":2,"1":8,"2":15,"3":8,"4":8,"5":8,"6":8,"7":8,"8":1,"9":1,"10":1,"11":1,"12":1,"13":8},"f":{"0":8,"1":15,"2":1,"3":1},"b":{"0":[1,0],"1":[6,2],"2":[1,1],"3":[8,6],"4":[8,1],"5":[8,2,1],"6":[6,2],"7":[1,1],"8":[6,2],"9":[1,1],"10":[6,2],"11":[1,1],"12":[8,5],"13":[4,1],"14":[8,7],"15":[1,6],"16":[6,2],"17":[8,0],"18":[7,1],"19":[8,6],"20":[8,6],"21":[8,6]},"meta":{"lastBranch":22,"lastFunction":4,"lastStatement":14,"seen":{"s:15:13:222:Infinity":0,"f:15:13:15:51":0,"s:16:49:16:Infinity":1,"f:16:49:16:62":1,"s:16:83:16:93":2,"s:17:32:17:Infinity":3,"s:19:20:19:Infinity":4,"s:20:22:20:Infinity":5,"s:21:22:27:Infinity":6,"s:29:8:35:Infinity":7,"f:29:8:29:33":2,"b:30:4:34:Infinity:undefined:undefined:undefined:undefined":0,"s:30:4:34:Infinity":8,"s:31:6:31:Infinity":9,"s:32:6:32:Infinity":10,"s:33:6:33:Infinity":11,"f:33:6:33:23":3,"s:33:23:33:42":12,"s:37:2:220:Infinity":13,"b:63:16:63:Infinity:64:16:66:Infinity":1,"b:65:16:65:Infinity:66:16:66:Infinity":2,"b:71:13:71:Infinity:72:14:74:Infinity":3,"b:76:13:76:Infinity:77:14:79:Infinity":4,"b:81:13:81:27:81:27:81:Infinity:82:14:84:Infinity":5,"b:91:18:91:Infinity:92:18:94:Infinity":6,"b:93:18:93:Infinity:94:18:94:Infinity":7,"b:97:25:97:43:97:43:97:Infinity":8,"b:97:57:97:76:97:76:97:Infinity":9,"b:101:25:101:53:101:53:101:Infinity":10,"b:101:67:101:96:101:96:101:Infinity":11,"b:104:13:104:35:104:35:104:Infinity":12,"b:104:47:104:110:104:110:104:Infinity":13,"b:118:11:118:Infinity:119:12:136:Infinity":14,"b:134:27:134:77:134:76:134:Infinity":15,"b:152:52:152:84:152:84:152:91":16,"b:152:94:152:117:152:117:152:119":17,"b:152:157:152:167:152:167:152:176":18,"b:156:13:156:Infinity:157:14:160:Infinity":19,"b:163:13:163:Infinity:164:14:167:Infinity":20,"b:170:13:170:Infinity:171:14:176:Infinity":21},"fnNames":{}}}
,"/Users/gersonmercado/pasarela-ecom-app/frontend/src/estado/store.ts": {"path":"/Users/gersonmercado/pasarela-ecom-app/frontend/src/estado/store.ts","statementMap":{"0":{"start":{"line":4,"column":21},"end":{"line":8,"column":null}}},"fnMap":{},"branchMap":{},"s":{"0":1},"f":{},"b":{},"meta":{"lastBranch":0,"lastFunction":0,"lastStatement":1,"seen":{"s:4:21:8:Infinity":0},"fnNames":{}}}
,"/Users/gersonmercado/pasarela-ecom-app/frontend/src/estado/slices/pago.slice.ts": {"path":"/Users/gersonmercado/pasarela-ecom-app/frontend/src/estado/slices/pago.slice.ts","statementMap":{"0":{"start":{"line":38,"column":43},"end":{"line":65,"column":null}},"1":{"start":{"line":67,"column":13},"end":{"line":79,"column":null}},"2":{"start":{"line":68,"column":2},"end":{"line":77,"column":null}},"3":{"start":{"line":69,"column":21},"end":{"line":69,"column":null}},"4":{"start":{"line":70,"column":4},"end":{"line":76,"column":null}},"5":{"start":{"line":71,"column":6},"end":{"line":75,"column":null}},"6":{"start":{"line":72,"column":8},"end":{"line":72,"column":null}},"7":{"start":{"line":74,"column":8},"end":{"line":74,"column":null}},"8":{"start":{"line":78,"column":2},"end":{"line":78,"column":null}},"9":{"start":{"line":81,"column":13},"end":{"line":85,"column":null}},"10":{"start":{"line":82,"column":2},"end":{"line":84,"column":null}},"11":{"start":{"line":83,"column":4},"end":{"line":83,"column":null}},"12":{"start":{"line":87,"column":25},"end":{"line":114,"column":null}},"13":{"start":{"line":92,"column":6},"end":{"line":92,"column":null}},"14":{"start":{"line":93,"column":6},"end":{"line":93,"column":null}},"15":{"start":{"line":96,"column":6},"end":{"line":96,"column":null}},"16":{"start":{"line":97,"column":6},"end":{"line":97,"column":null}},"17":{"start":{"line":100,"column":6},"end":{"line":100,"column":null}},"18":{"start":{"line":101,"column":6},"end":{"line":101,"column":null}},"19":{"start":{"line":104,"column":6},"end":{"line":104,"column":null}},"20":{"start":{"line":105,"column":6},"end":{"line":105,"column":null}},"21":{"start":{"line":108,"column":6},"end":{"line":110,"column":null}},"22":{"start":{"line":109,"column":8},"end":{"line":109,"column":null}},"23":{"start":{"line":111,"column":6},"end":{"line":111,"column":null}},"24":{"start":{"line":116,"column":116},"end":{"line":116,"column":null}}},"fnMap":{"0":{"name":"(anonymous_0)","decl":{"start":{"line":67,"column":13},"end":{"line":67,"column":51}},"loc":{"start":{"line":67,"column":51},"end":{"line":79,"column":null}},"line":67},"1":{"name":"(anonymous_1)","decl":{"start":{"line":81,"column":13},"end":{"line":81,"column":33}},"loc":{"start":{"line":81,"column":56},"end":{"line":85,"column":null}},"line":81},"2":{"name":"(anonymous_2)","decl":{"start":{"line":91,"column":4},"end":{"line":91,"column":21}},"loc":{"start":{"line":91,"column":63},"end":{"line":94,"column":null}},"line":91},"3":{"name":"(anonymous_3)","decl":{"start":{"line":95,"column":4},"end":{"line":95,"column":29}},"loc":{"start":{"line":95,"column":100},"end":{"line":98,"column":null}},"line":95},"4":{"name":"(anonymous_4)","decl":{"start":{"line":99,"column":4},"end":{"line":99,"column":29}},"loc":{"start":{"line":99,"column":100},"end":{"line":102,"column":null}},"line":99},"5":{"name":"(anonymous_5)","decl":{"start":{"line":103,"column":4},"end":{"line":103,"column":23}},"loc":{"start":{"line":103,"column":93},"end":{"line":106,"column":null}},"line":103},"6":{"name":"(anonymous_6)","decl":{"start":{"line":107,"column":4},"end":{"line":107,"column":26}},"loc":{"start":{"line":107,"column":26},"end":{"line":112,"column":null}},"line":107}},"branchMap":{"0":{"loc":{"start":{"line":68,"column":2},"end":{"line":77,"column":null}},"type":"if","locations":[{"start":{"line":68,"column":2},"end":{"line":77,"column":null}},{"start":{},"end":{}}],"line":68},"1":{"loc":{"start":{"line":70,"column":4},"end":{"line":76,"column":null}},"type":"if","locations":[{"start":{"line":70,"column":4},"end":{"line":76,"column":null}},{"start":{},"end":{}}],"line":70},"2":{"loc":{"start":{"line":82,"column":2},"end":{"line":84,"column":null}},"type":"if","locations":[{"start":{"line":82,"column":2},"end":{"line":84,"column":null}},{"start":{},"end":{}}],"line":82},"3":{"loc":{"start":{"line":108,"column":6},"end":{"line":110,"column":null}},"type":"if","locations":[{"start":{"line":108,"column":6},"end":{"line":110,"column":null}},{"start":{},"end":{}}],"line":108}},"s":{"0":5,"1":5,"2":8,"3":8,"4":8,"5":2,"6":2,"7":1,"8":6,"9":5,"10":21,"11":21,"12":5,"13":6,"14":6,"15":7,"16":7,"17":5,"18":5,"19":2,"20":2,"21":2,"22":2,"23":2,"24":5},"f":{"0":8,"1":21,"2":6,"3":7,"4":5,"5":2,"6":2},"b":{"0":[8,0],"1":[2,6],"2":[21,0],"3":[2,0]},"meta":{"lastBranch":4,"lastFunction":7,"lastStatement":25,"seen":{"s:38:43:65:Infinity":0,"s:67:13:79:Infinity":1,"f:67:13:67:51":0,"b:68:2:77:Infinity:undefined:undefined:undefined:undefined":0,"s:68:2:77:Infinity":2,"s:69:21:69:Infinity":3,"b:70:4:76:Infinity:undefined:undefined:undefined:undefined":1,"s:70:4:76:Infinity":4,"s:71:6:75:Infinity":5,"s:72:8:72:Infinity":6,"s:74:8:74:Infinity":7,"s:78:2:78:Infinity":8,"s:81:13:85:Infinity":9,"f:81:13:81:33":1,"b:82:2:84:Infinity:undefined:undefined:undefined:undefined":2,"s:82:2:84:Infinity":10,"s:83:4:83:Infinity":11,"s:87:25:114:Infinity":12,"f:91:4:91:21":2,"s:92:6:92:Infinity":13,"s:93:6:93:Infinity":14,"f:95:4:95:29":3,"s:96:6:96:Infinity":15,"s:97:6:97:Infinity":16,"f:99:4:99:29":4,"s:100:6:100:Infinity":17,"s:101:6:101:Infinity":18,"f:103:4:103:23":5,"s:104:6:104:Infinity":19,"s:105:6:105:Infinity":20,"f:107:4:107:26":6,"b:108:6:110:Infinity:undefined:undefined:undefined:undefined":3,"s:108:6:110:Infinity":21,"s:109:8:109:Infinity":22,"s:111:6:111:Infinity":23,"s:116:116:116:Infinity":24},"fnNames":{}}}
,"/Users/gersonmercado/pasarela-ecom-app/frontend/src/servicios/api.servicio.ts": {"path":"/Users/gersonmercado/pasarela-ecom-app/frontend/src/servicios/api.servicio.ts","statementMap":{"0":{"start":{"line":3,"column":16},"end":{"line":3,"column":null}},"1":{"start":{"line":4,"column":20},"end":{"line":4,"column":null}},"2":{"start":{"line":5,"column":16},"end":{"line":5,"column":null}},"3":{"start":{"line":7,"column":32},"end":{"line":35,"column":null}},"4":{"start":{"line":9,"column":22},"end":{"line":9,"column":null}},"5":{"start":{"line":10,"column":4},"end":{"line":10,"column":null}},"6":{"start":{"line":20,"column":22},"end":{"line":32,"column":null}},"7":{"start":{"line":33,"column":4},"end":{"line":33,"column":null}},"8":{"start":{"line":37,"column":30},"end":{"line":47,"column":null}},"9":{"start":{"line":39,"column":22},"end":{"line":39,"column":null}},"10":{"start":{"line":40,"column":4},"end":{"line":40,"column":null}},"11":{"start":{"line":44,"column":22},"end":{"line":44,"column":null}},"12":{"start":{"line":45,"column":4},"end":{"line":45,"column":null}}},"fnMap":{"0":{"name":"(anonymous_0)","decl":{"start":{"line":8,"column":26},"end":{"line":8,"column":38}},"loc":{"start":{"line":8,"column":38},"end":{"line":11,"column":null}},"line":8},"1":{"name":"(anonymous_1)","decl":{"start":{"line":13,"column":20},"end":{"line":13,"column":27}},"loc":{"start":{"line":19,"column":8},"end":{"line":34,"column":null}},"line":19},"2":{"name":"(anonymous_2)","decl":{"start":{"line":38,"column":19},"end":{"line":38,"column":26}},"loc":{"start":{"line":38,"column":41},"end":{"line":41,"column":null}},"line":38},"3":{"name":"(anonymous_3)","decl":{"start":{"line":43,"column":23},"end":{"line":43,"column":30}},"loc":{"start":{"line":43,"column":66},"end":{"line":46,"column":null}},"line":43}},"branchMap":{"0":{"loc":{"start":{"line":3,"column":16},"end":{"line":3,"column":null}},"type":"binary-expr","locations":[{"start":{"line":3,"column":16},"end":{"line":3,"column":48}},{"start":{"line":3,"column":48},"end":{"line":3,"column":null}}],"line":3},"1":{"loc":{"start":{"line":4,"column":20},"end":{"line":4,"column":null}},"type":"binary-expr","locations":[{"start":{"line":4,"column":20},"end":{"line":4,"column":56}},{"start":{"line":4,"column":56},"end":{"line":4,"column":null}}],"line":4},"2":{"loc":{"start":{"line":5,"column":16},"end":{"line":5,"column":null}},"type":"binary-expr","locations":[{"start":{"line":5,"column":16},"end":{"line":5,"column":56}},{"start":{"line":5,"column":56},"end":{"line":5,"column":null}}],"line":5}},"s":{"0":1,"1":1,"2":1,"3":1,"4":1,"5":1,"6":1,"7":1,"8":1,"9":1,"10":1,"11":1,"12":1},"f":{"0":1,"1":1,"2":1,"3":1},"b":{"0":[1,1],"1":[1,1],"2":[1,1]},"meta":{"lastBranch":3,"lastFunction":4,"lastStatement":13,"seen":{"s:3:16:3:Infinity":0,"b:3:16:3:48:3:48:3:Infinity":0,"s:4:20:4:Infinity":1,"b:4:20:4:56:4:56:4:Infinity":1,"s:5:16:5:Infinity":2,"b:5:16:5:56:5:56:5:Infinity":2,"s:7:32:35:Infinity":3,"f:8:26:8:38":0,"s:9:22:9:Infinity":4,"s:10:4:10:Infinity":5,"f:13:20:13:27":1,"s:20:22:32:Infinity":6,"s:33:4:33:Infinity":7,"s:37:30:47:Infinity":8,"f:38:19:38:26":2,"s:39:22:39:Infinity":9,"s:40:4:40:Infinity":10,"f:43:23:43:30":3,"s:44:22:44:Infinity":11,"s:45:4:45:Infinity":12},"fnNames":{}}}
,"/Users/gersonmercado/pasarela-ecom-app/frontend/src/utilidades/validadores-tarjeta.ts": {"path":"/Users/gersonmercado/pasarela-ecom-app/frontend/src/utilidades/validadores-tarjeta.ts","statementMap":{"0":{"start":{"line":3,"column":13},"end":{"line":8,"column":null}},"1":{"start":{"line":4,"column":17},"end":{"line":4,"column":null}},"2":{"start":{"line":5,"column":2},"end":{"line":5,"column":null}},"3":{"start":{"line":5,"column":25},"end":{"line":5,"column":null}},"4":{"start":{"line":6,"column":2},"end":{"line":6,"column":null}},"5":{"start":{"line":6,"column":77},"end":{"line":6,"column":null}},"6":{"start":{"line":7,"column":2},"end":{"line":7,"column":null}},"7":{"start":{"line":10,"column":13},"end":{"line":30,"column":null}},"8":{"start":{"line":11,"column":17},"end":{"line":11,"column":null}},"9":{"start":{"line":12,"column":2},"end":{"line":12,"column":null}},"10":{"start":{"line":12,"column":59},"end":{"line":12,"column":null}},"11":{"start":{"line":14,"column":13},"end":{"line":14,"column":null}},"12":{"start":{"line":15,"column":17},"end":{"line":15,"column":null}},"13":{"start":{"line":17,"column":2},"end":{"line":27,"column":null}},"14":{"start":{"line":17,"column":15},"end":{"line":17,"column":34}},"15":{"start":{"line":18,"column":17},"end":{"line":18,"column":null}},"16":{"start":{"line":20,"column":4},"end":{"line":23,"column":null}},"17":{"start":{"line":21,"column":6},"end":{"line":21,"column":null}},"18":{"start":{"line":22,"column":6},"end":{"line":22,"column":null}},"19":{"start":{"line":22,"column":22},"end":{"line":22,"column":null}},"20":{"start":{"line":25,"column":4},"end":{"line":25,"column":null}},"21":{"start":{"line":26,"column":4},"end":{"line":26,"column":null}},"22":{"start":{"line":29,"column":2},"end":{"line":29,"column":null}}},"fnMap":{"0":{"name":"(anonymous_0)","decl":{"start":{"line":3,"column":13},"end":{"line":3,"column":35}},"loc":{"start":{"line":3,"column":73},"end":{"line":8,"column":null}},"line":3},"1":{"name":"(anonymous_1)","decl":{"start":{"line":10,"column":13},"end":{"line":10,"column":28}},"loc":{"start":{"line":10,"column":56},"end":{"line":30,"column":null}},"line":10}},"branchMap":{"0":{"loc":{"start":{"line":5,"column":2},"end":{"line":5,"column":null}},"type":"if","locations":[{"start":{"line":5,"column":2},"end":{"line":5,"column":null}},{"start":{},"end":{}}],"line":5},"1":{"loc":{"start":{"line":6,"column":2},"end":{"line":6,"column":null}},"type":"if","locations":[{"start":{"line":6,"column":2},"end":{"line":6,"column":null}},{"start":{},"end":{}}],"line":6},"2":{"loc":{"start":{"line":12,"column":2},"end":{"line":12,"column":null}},"type":"if","locations":[{"start":{"line":12,"column":2},"end":{"line":12,"column":null}},{"start":{},"end":{}}],"line":12},"3":{"loc":{"start":{"line":12,"column":6},"end":{"line":12,"column":59}},"type":"binary-expr","locations":[{"start":{"line":12,"column":6},"end":{"line":12,"column":17}},{"start":{"line":12,"column":17},"end":{"line":12,"column":39}},{"start":{"line":12,"column":39},"end":{"line":12,"column":59}}],"line":12},"4":{"loc":{"start":{"line":20,"column":4},"end":{"line":23,"column":null}},"type":"if","locations":[{"start":{"line":20,"column":4},"end":{"line":23,"column":null}},{"start":{},"end":{}}],"line":20},"5":{"loc":{"start":{"line":22,"column":6},"end":{"line":22,"column":null}},"type":"if","locations":[{"start":{"line":22,"column":6},"end":{"line":22,"column":null}},{"start":{},"end":{}}],"line":22}},"s":{"0":3,"1":57,"2":57,"3":39,"4":18,"5":15,"6":3,"7":3,"8":56,"9":56,"10":4,"11":52,"12":52,"13":52,"14":52,"15":832,"16":832,"17":416,"18":416,"19":12,"20":832,"21":832,"22":52},"f":{"0":57,"1":56},"b":{"0":[39,18],"1":[15,3],"2":[4,52],"3":[56,54,53],"4":[416,416],"5":[12,404]},"meta":{"lastBranch":6,"lastFunction":2,"lastStatement":23,"seen":{"s:3:13:8:Infinity":0,"f:3:13:3:35":0,"s:4:17:4:Infinity":1,"b:5:2:5:Infinity:undefined:undefined:undefined:undefined":0,"s:5:2:5:Infinity":2,"s:5:25:5:Infinity":3,"b:6:2:6:Infinity:undefined:undefined:undefined:undefined":1,"s:6:2:6:Infinity":4,"s:6:77:6:Infinity":5,"s:7:2:7:Infinity":6,"s:10:13:30:Infinity":7,"f:10:13:10:28":1,"s:11:17:11:Infinity":8,"b:12:2:12:Infinity:undefined:undefined:undefined:undefined":2,"s:12:2:12:Infinity":9,"b:12:6:12:17:12:17:12:39:12:39:12:59":3,"s:12:59:12:Infinity":10,"s:14:13:14:Infinity":11,"s:15:17:15:Infinity":12,"s:17:2:27:Infinity":13,"s:17:15:17:34":14,"s:18:17:18:Infinity":15,"b:20:4:23:Infinity:undefined:undefined:undefined:undefined":4,"s:20:4:23:Infinity":16,"s:21:6:21:Infinity":17,"b:22:6:22:Infinity:undefined:undefined:undefined:undefined":5,"s:22:6:22:Infinity":18,"s:22:22:22:Infinity":19,"s:25:4:25:Infinity":20,"s:26:4:26:Infinity":21,"s:29:2:29:Infinity":22},"fnNames":{}}}
}
