{"/Users/gersonmercado/pasarela-ecom-app/backend/src/app.controller.ts": {"path":"/Users/gersonmercado/pasarela-ecom-app/backend/src/app.controller.ts","statementMap":{"0":{"start":{"line":1,"column":0},"end":{"line":1,"column":49}},"1":{"start":{"line":2,"column":0},"end":{"line":2,"column":43}},"2":{"start":{"line":5,"column":7},"end":{"line":12,"column":null}},"3":{"start":{"line":6,"column":31},"end":{"line":6,"column":43}},"4":{"start":{"line":10,"column":4},"end":{"line":10,"column":38}},"5":{"start":{"line":5,"column":13},"end":{"line":5,"column":26}},"6":{"start":{"line":9,"column":2},"end":{"line":11,"column":null}},"7":{"start":{"line":5,"column":13},"end":{"line":12,"column":null}}},"fnMap":{"0":{"name":"(anonymous_2)","decl":{"start":{"line":6,"column":2},"end":{"line":6,"column":31}},"loc":{"start":{"line":6,"column":53},"end":{"line":6,"column":57}}},"1":{"name":"(anonymous_3)","decl":{"start":{"line":9,"column":2},"end":{"line":9,"column":10}},"loc":{"start":{"line":9,"column":10},"end":{"line":11,"column":3}}}},"branchMap":{"0":{"loc":{"start":{"line":6,"column":43},"end":{"line":6,"column":56}},"type":"cond-expr","locations":[{"start":{"line":6,"column":53},"end":{"line":6,"column":56}},{"start":{"line":6,"column":53},"end":{"line":6,"column":56}}]},"1":{"loc":{"start":{"line":6,"column":43},"end":{"line":6,"column":53}},"type":"binary-expr","locations":[{"start":{"line":6,"column":43},"end":{"line":6,"column":56}},{"start":{"line":6,"column":43},"end":{"line":6,"column":53}}]}},"s":{"0":1,"1":1,"2":1,"3":1,"4":1,"5":1,"6":1,"7":1},"f":{"0":1,"1":1},"b":{"0":[1,0],"1":[1,1]}}
,"/Users/gersonmercado/pasarela-ecom-app/backend/src/app.module.ts": {"path":"/Users/gersonmercado/pasarela-ecom-app/backend/src/app.module.ts","statementMap":{"0":{"start":{"line":1,"column":0},"end":{"line":1,"column":40}},"1":{"start":{"line":2,"column":0},"end":{"line":2,"column":101}},"2":{"start":{"line":3,"column":0},"end":{"line":3,"column":93}},"3":{"start":{"line":10,"column":7},"end":{"line":10,"column":null}},"4":{"start":{"line":10,"column":13},"end":{"line":10,"column":22}},"5":{"start":{"line":10,"column":13},"end":{"line":10,"column":null}}},"fnMap":{},"branchMap":{},"s":{"0":0,"1":0,"2":0,"3":0,"4":0,"5":0},"f":{},"b":{}}
,"/Users/gersonmercado/pasarela-ecom-app/backend/src/app.service.ts": {"path":"/Users/gersonmercado/pasarela-ecom-app/backend/src/app.service.ts","statementMap":{"0":{"start":{"line":1,"column":0},"end":{"line":1,"column":44}},"1":{"start":{"line":4,"column":7},"end":{"line":8,"column":null}},"2":{"start":{"line":6,"column":4},"end":{"line":6,"column":26}},"3":{"start":{"line":4,"column":13},"end":{"line":4,"column":23}},"4":{"start":{"line":4,"column":13},"end":{"line":8,"column":null}}},"fnMap":{"0":{"name":"(anonymous_1)","decl":{"start":{"line":5,"column":2},"end":{"line":5,"column":10}},"loc":{"start":{"line":5,"column":10},"end":{"line":7,"column":3}}}},"branchMap":{},"s":{"0":1,"1":1,"2":1,"3":1,"4":1},"f":{"0":1},"b":{}}
,"/Users/gersonmercado/pasarela-ecom-app/backend/src/main.ts": {"path":"/Users/gersonmercado/pasarela-ecom-app/backend/src/main.ts","statementMap":{"0":{"start":{"line":1,"column":0},"end":{"line":1,"column":43}},"1":{"start":{"line":2,"column":0},"end":{"line":2,"column":41}},"2":{"start":{"line":3,"column":0},"end":{"line":3,"column":28}},"3":{"start":{"line":4,"column":0},"end":{"line":4,"column":48}},"4":{"start":{"line":5,"column":0},"end":{"line":5,"column":65}},"5":{"start":{"line":8,"column":14},"end":{"line":8,"column":49}},"6":{"start":{"line":11,"column":2},"end":{"line":16,"column":4}},"7":{"start":{"line":19,"column":2},"end":{"line":23,"column":5}},"8":{"start":{"line":26,"column":2},"end":{"line":32,"column":4}},"9":{"start":{"line":35,"column":17},"end":{"line":39,"column":12}},"10":{"start":{"line":40,"column":19},"end":{"line":40,"column":60}},"11":{"start":{"line":41,"column":2},"end":{"line":41,"column":49}},"12":{"start":{"line":43,"column":2},"end":{"line":43,"column":45}},"13":{"start":{"line":45,"column":0},"end":{"line":45,"column":12}}},"fnMap":{"0":{"name":"bootstrap","decl":{"start":{"line":7,"column":15},"end":{"line":7,"column":24}},"loc":{"start":{"line":7,"column":24},"end":{"line":44,"column":1}}}},"branchMap":{"0":{"loc":{"start":{"line":20,"column":12},"end":{"line":20,"column":62}},"type":"binary-expr","locations":[{"start":{"line":20,"column":12},"end":{"line":20,"column":35}},{"start":{"line":20,"column":39},"end":{"line":20,"column":62}}]},"1":{"loc":{"start":{"line":43,"column":19},"end":{"line":43,"column":43}},"type":"binary-expr","locations":[{"start":{"line":43,"column":19},"end":{"line":43,"column":35}},{"start":{"line":43,"column":39},"end":{"line":43,"column":43}}]}},"s":{"0":0,"1":0,"2":0,"3":0,"4":0,"5":0,"6":0,"7":0,"8":0,"9":0,"10":0,"11":0,"12":0,"13":0},"f":{"0":0},"b":{"0":[0,0],"1":[0,0]}}
,"/Users/gersonmercado/pasarela-ecom-app/backend/src/aplicacion/casos-de-uso/procesar-pago.caso-de-uso.ts": {"path":"/Users/gersonmercado/pasarela-ecom-app/backend/src/aplicacion/casos-de-uso/procesar-pago.caso-de-uso.ts","statementMap":{"0":{"start":{"line":1,"column":0},"end":{"line":1,"column":45}},"1":{"start":{"line":8,"column":21},"end":{"line":8,"column":60}},"2":{"start":{"line":9,"column":21},"end":{"line":9,"column":66}},"3":{"start":{"line":10,"column":21},"end":{"line":10,"column":65}},"4":{"start":{"line":14,"column":21},"end":{"line":14,"column":76}},"5":{"start":{"line":15,"column":4},"end":{"line":17,"column":5}},"6":{"start":{"line":16,"column":6},"end":{"line":16,"column":68}},"7":{"start":{"line":19,"column":24},"end":{"line":19,"column":85}},"8":{"start":{"line":21,"column":30},"end":{"line":21,"column":89}},"9":{"start":{"line":22,"column":4},"end":{"line":25,"column":5}},"10":{"start":{"line":23,"column":6},"end":{"line":23,"column":110}},"11":{"start":{"line":24,"column":6},"end":{"line":24,"column":42}},"12":{"start":{"line":27,"column":22},"end":{"line":27,"column":45}},"13":{"start":{"line":28,"column":4},"end":{"line":28,"column":101}},"14":{"start":{"line":30,"column":4},"end":{"line":32,"column":5}},"15":{"start":{"line":31,"column":6},"end":{"line":31,"column":61}},"16":{"start":{"line":34,"column":4},"end":{"line":34,"column":75}},"17":{"start":{"line":6,"column":0},"end":{"line":6,"column":13}}},"fnMap":{"0":{"name":"(anonymous_0)","decl":{"start":{"line":7,"column":2},"end":{"line":7,"column":null}},"loc":{"start":{"line":10,"column":65},"end":{"line":11,"column":6}}},"1":{"name":"(anonymous_1)","decl":{"start":{"line":13,"column":2},"end":{"line":13,"column":7}},"loc":{"start":{"line":13,"column":29},"end":{"line":35,"column":3}}}},"branchMap":{"0":{"loc":{"start":{"line":15,"column":4},"end":{"line":17,"column":5}},"type":"if","locations":[{"start":{"line":15,"column":4},"end":{"line":17,"column":5}},{"start":{},"end":{}}]},"1":{"loc":{"start":{"line":15,"column":8},"end":{"line":15,"column":54}},"type":"binary-expr","locations":[{"start":{"line":15,"column":8},"end":{"line":15,"column":17}},{"start":{"line":15,"column":21},"end":{"line":15,"column":54}}]},"2":{"loc":{"start":{"line":22,"column":4},"end":{"line":25,"column":5}},"type":"if","locations":[{"start":{"line":22,"column":4},"end":{"line":25,"column":5}},{"start":{},"end":{}}]},"3":{"loc":{"start":{"line":30,"column":4},"end":{"line":32,"column":5}},"type":"if","locations":[{"start":{"line":30,"column":4},"end":{"line":32,"column":5}},{"start":{},"end":{}}]}},"s":{"0":1,"1":5,"2":5,"3":5,"4":5,"5":5,"6":2,"7":3,"8":3,"9":3,"10":1,"11":1,"12":2,"13":2,"14":2,"15":1,"16":2,"17":1},"f":{"0":5,"1":5},"b":{"0":[2,3],"1":[5,4],"2":[1,2],"3":[1,1]}}
,"/Users/gersonmercado/pasarela-ecom-app/backend/src/dominio/modelos/producto.modelo.ts": {"path":"/Users/gersonmercado/pasarela-ecom-app/backend/src/dominio/modelos/producto.modelo.ts","statementMap":{"0":{"start":{"line":3,"column":20},"end":{"line":3,"column":30}},"1":{"start":{"line":4,"column":20},"end":{"line":4,"column":34}},"2":{"start":{"line":5,"column":20},"end":{"line":5,"column":39}},"3":{"start":{"line":6,"column":20},"end":{"line":6,"column":44}},"4":{"start":{"line":7,"column":11},"end":{"line":7,"column":38}},"5":{"start":{"line":8,"column":20},"end":{"line":8,"column":37}},"6":{"start":{"line":9,"column":20},"end":{"line":9,"column":35}},"7":{"start":{"line":10,"column":20},"end":{"line":10,"column":40}},"8":{"start":{"line":14,"column":4},"end":{"line":14,"column":40}},"9":{"start":{"line":1,"column":0},"end":{"line":1,"column":13}}},"fnMap":{"0":{"name":"(anonymous_0)","decl":{"start":{"line":2,"column":2},"end":{"line":2,"column":null}},"loc":{"start":{"line":10,"column":40},"end":{"line":11,"column":6}}},"1":{"name":"(anonymous_1)","decl":{"start":{"line":13,"column":2},"end":{"line":13,"column":12}},"loc":{"start":{"line":13,"column":12},"end":{"line":15,"column":3}}}},"branchMap":{},"s":{"0":4,"1":4,"2":4,"3":4,"4":4,"5":4,"6":4,"7":4,"8":0,"9":1},"f":{"0":4,"1":0},"b":{}}
,"/Users/gersonmercado/pasarela-ecom-app/backend/src/dominio/modelos/transaccion.modelo.ts": {"path":"/Users/gersonmercado/pasarela-ecom-app/backend/src/dominio/modelos/transaccion.modelo.ts","statementMap":{"0":{"start":{"line":5,"column":20},"end":{"line":5,"column":30}},"1":{"start":{"line":6,"column":20},"end":{"line":6,"column":38}},"2":{"start":{"line":7,"column":20},"end":{"line":7,"column":38}},"3":{"start":{"line":8,"column":20},"end":{"line":8,"column":37}},"4":{"start":{"line":9,"column":20},"end":{"line":9,"column":37}},"5":{"start":{"line":10,"column":20},"end":{"line":10,"column":51}},"6":{"start":{"line":11,"column":20},"end":{"line":11,"column":48}},"7":{"start":{"line":12,"column":20},"end":{"line":12,"column":49}},"8":{"start":{"line":13,"column":20},"end":{"line":13,"column":48}},"9":{"start":{"line":14,"column":11},"end":{"line":14,"column":36}},"10":{"start":{"line":15,"column":11},"end":{"line":15,"column":48}},"11":{"start":{"line":16,"column":11},"end":{"line":16,"column":43}},"12":{"start":{"line":17,"column":20},"end":{"line":17,"column":35}},"13":{"start":{"line":18,"column":20},"end":{"line":18,"column":40}},"14":{"start":{"line":3,"column":0},"end":{"line":3,"column":13}}},"fnMap":{"0":{"name":"(anonymous_0)","decl":{"start":{"line":4,"column":2},"end":{"line":4,"column":null}},"loc":{"start":{"line":18,"column":40},"end":{"line":19,"column":6}}}},"branchMap":{},"s":{"0":3,"1":3,"2":3,"3":3,"4":3,"5":3,"6":3,"7":3,"8":3,"9":3,"10":3,"11":3,"12":3,"13":3,"14":1},"f":{"0":3},"b":{}}
,"/Users/gersonmercado/pasarela-ecom-app/backend/src/infraestructura/adaptadores/pasarela/adaptador-pasarela.ts": {"path":"/Users/gersonmercado/pasarela-ecom-app/backend/src/infraestructura/adaptadores/pasarela/adaptador-pasarela.ts","statementMap":{"0":{"start":{"line":1,"column":0},"end":{"line":1,"column":44}},"1":{"start":{"line":2,"column":0},"end":{"line":2,"column":26}},"2":{"start":{"line":3,"column":0},"end":{"line":3,"column":33}},"3":{"start":{"line":4,"column":0},"end":{"line":4,"column":45}},"4":{"start":{"line":12,"column":7},"end":{"line":58,"column":null}},"5":{"start":{"line":13,"column":29},"end":{"line":13,"column":70}},"6":{"start":{"line":14,"column":34},"end":{"line":14,"column":81}},"7":{"start":{"line":15,"column":39},"end":{"line":15,"column":92}},"8":{"start":{"line":18,"column":19},"end":{"line":18,"column":86}},"9":{"start":{"line":19,"column":4},"end":{"line":19,"column":68}},"10":{"start":{"line":23,"column":4},"end":{"line":56,"column":5}},"11":{"start":{"line":24,"column":20},"end":{"line":24,"column":102}},"12":{"start":{"line":26,"column":29},"end":{"line":38,"column":8}},"13":{"start":{"line":40,"column":24},"end":{"line":45,"column":8}},"14":{"start":{"line":47,"column":45},"end":{"line":47,"column":64}},"15":{"start":{"line":48,"column":6},"end":{"line":52,"column":9}},"16":{"start":{"line":54,"column":27},"end":{"line":54,"column":118}},"17":{"start":{"line":55,"column":6},"end":{"line":55,"column":42}},"18":{"start":{"line":12,"column":13},"end":{"line":12,"column":30}},"19":{"start":{"line":12,"column":13},"end":{"line":58,"column":null}}},"fnMap":{"0":{"name":"(anonymous_11)","decl":{"start":{"line":17,"column":10},"end":{"line":17,"column":32}},"loc":{"start":{"line":17,"column":92},"end":{"line":20,"column":3}}},"1":{"name":"(anonymous_12)","decl":{"start":{"line":22,"column":2},"end":{"line":22,"column":7}},"loc":{"start":{"line":22,"column":57},"end":{"line":57,"column":3}}}},"branchMap":{"0":{"loc":{"start":{"line":50,"column":16},"end":{"line":50,"column":100}},"type":"cond-expr","locations":[{"start":{"line":50,"column":40},"end":{"line":50,"column":50}},{"start":{"line":50,"column":53},"end":{"line":50,"column":100}}]},"1":{"loc":{"start":{"line":50,"column":53},"end":{"line":50,"column":100}},"type":"cond-expr","locations":[{"start":{"line":50,"column":77},"end":{"line":50,"column":88}},{"start":{"line":50,"column":91},"end":{"line":50,"column":100}}]},"2":{"loc":{"start":{"line":51,"column":17},"end":{"line":51,"column":58}},"type":"binary-expr","locations":[{"start":{"line":51,"column":17},"end":{"line":51,"column":31}},{"start":{"line":51,"column":35},"end":{"line":51,"column":58}}]},"3":{"loc":{"start":{"line":54,"column":27},"end":{"line":54,"column":118}},"type":"binary-expr","locations":[{"start":{"line":54,"column":27},"end":{"line":54,"column":62}},{"start":{"line":54,"column":66},"end":{"line":54,"column":79}},{"start":{"line":54,"column":83},"end":{"line":54,"column":118}}]}},"s":{"0":0,"1":0,"2":0,"3":0,"4":0,"5":0,"6":0,"7":0,"8":0,"9":0,"10":0,"11":0,"12":0,"13":0,"14":0,"15":0,"16":0,"17":0,"18":0,"19":0},"f":{"0":0,"1":0},"b":{"0":[0,0],"1":[0,0],"2":[0,0],"3":[0,0,0]}}
,"/Users/gersonmercado/pasarela-ecom-app/backend/src/infraestructura/adaptadores/persistencia/repositorio-producto.postgres.ts": {"path":"/Users/gersonmercado/pasarela-ecom-app/backend/src/infraestructura/adaptadores/persistencia/repositorio-producto.postgres.ts","statementMap":{"0":{"start":{"line":1,"column":0},"end":{"line":1,"column":44}},"1":{"start":{"line":2,"column":0},"end":{"line":2,"column":46}},"2":{"start":{"line":4,"column":0},"end":{"line":4,"column":68}},"3":{"start":{"line":7,"column":7},"end":{"line":29,"column":null}},"4":{"start":{"line":8,"column":19},"end":{"line":8,"column":37}},"5":{"start":{"line":11,"column":21},"end":{"line":11,"column":77}},"6":{"start":{"line":12,"column":4},"end":{"line":12,"column":31}},"7":{"start":{"line":12,"column":19},"end":{"line":12,"column":31}},"8":{"start":{"line":13,"column":4},"end":{"line":20,"column":6}},"9":{"start":{"line":24,"column":4},"end":{"line":27,"column":7}},"10":{"start":{"line":7,"column":13},"end":{"line":7,"column":40}},"11":{"start":{"line":7,"column":13},"end":{"line":29,"column":null}}},"fnMap":{"0":{"name":"(anonymous_1)","decl":{"start":{"line":10,"column":2},"end":{"line":10,"column":7}},"loc":{"start":{"line":10,"column":30},"end":{"line":21,"column":3}}},"1":{"name":"(anonymous_2)","decl":{"start":{"line":23,"column":2},"end":{"line":23,"column":7}},"loc":{"start":{"line":23,"column":51},"end":{"line":28,"column":3}}}},"branchMap":{"0":{"loc":{"start":{"line":12,"column":4},"end":{"line":12,"column":31}},"type":"if","locations":[{"start":{"line":12,"column":4},"end":{"line":12,"column":31}},{"start":{},"end":{}}]}},"s":{"0":0,"1":0,"2":0,"3":0,"4":0,"5":0,"6":0,"7":0,"8":0,"9":0,"10":0,"11":0},"f":{"0":0,"1":0},"b":{"0":[0,0]}}
,"/Users/gersonmercado/pasarela-ecom-app/backend/src/infraestructura/adaptadores/persistencia/repositorio-transaccion.postgres.ts": {"path":"/Users/gersonmercado/pasarela-ecom-app/backend/src/infraestructura/adaptadores/persistencia/repositorio-transaccion.postgres.ts","statementMap":{"0":{"start":{"line":1,"column":0},"end":{"line":1,"column":44}},"1":{"start":{"line":2,"column":0},"end":{"line":2,"column":46}},"2":{"start":{"line":4,"column":0},"end":{"line":4,"column":93}},"3":{"start":{"line":7,"column":7},"end":{"line":102,"column":null}},"4":{"start":{"line":8,"column":19},"end":{"line":8,"column":37}},"5":{"start":{"line":11,"column":21},"end":{"line":23,"column":6}},"6":{"start":{"line":25,"column":4},"end":{"line":40,"column":6}},"7":{"start":{"line":49,"column":4},"end":{"line":56,"column":7}},"8":{"start":{"line":60,"column":21},"end":{"line":60,"column":80}},"9":{"start":{"line":61,"column":4},"end":{"line":61,"column":31}},"10":{"start":{"line":61,"column":19},"end":{"line":61,"column":31}},"11":{"start":{"line":63,"column":4},"end":{"line":78,"column":6}},"12":{"start":{"line":82,"column":21},"end":{"line":82,"column":88}},"13":{"start":{"line":83,"column":4},"end":{"line":83,"column":31}},"14":{"start":{"line":83,"column":19},"end":{"line":83,"column":31}},"15":{"start":{"line":85,"column":4},"end":{"line":100,"column":6}},"16":{"start":{"line":7,"column":13},"end":{"line":7,"column":43}},"17":{"start":{"line":7,"column":13},"end":{"line":102,"column":null}}},"fnMap":{"0":{"name":"(anonymous_1)","decl":{"start":{"line":10,"column":2},"end":{"line":10,"column":7}},"loc":{"start":{"line":10,"column":62},"end":{"line":41,"column":3}}},"1":{"name":"(anonymous_2)","decl":{"start":{"line":43,"column":2},"end":{"line":43,"column":7}},"loc":{"start":{"line":47,"column":34},"end":{"line":57,"column":3}}},"2":{"name":"(anonymous_3)","decl":{"start":{"line":59,"column":2},"end":{"line":59,"column":7}},"loc":{"start":{"line":59,"column":30},"end":{"line":79,"column":3}}},"3":{"name":"(anonymous_4)","decl":{"start":{"line":81,"column":2},"end":{"line":81,"column":7}},"loc":{"start":{"line":81,"column":46},"end":{"line":101,"column":3}}}},"branchMap":{"0":{"loc":{"start":{"line":61,"column":4},"end":{"line":61,"column":31}},"type":"if","locations":[{"start":{"line":61,"column":4},"end":{"line":61,"column":31}},{"start":{},"end":{}}]},"1":{"loc":{"start":{"line":83,"column":4},"end":{"line":83,"column":31}},"type":"if","locations":[{"start":{"line":83,"column":4},"end":{"line":83,"column":31}},{"start":{},"end":{}}]}},"s":{"0":0,"1":0,"2":0,"3":0,"4":0,"5":0,"6":0,"7":0,"8":0,"9":0,"10":0,"11":0,"12":0,"13":0,"14":0,"15":0,"16":0,"17":0},"f":{"0":0,"1":0,"2":0,"3":0},"b":{"0":[0,0],"1":[0,0]}}
,"/Users/gersonmercado/pasarela-ecom-app/backend/src/infraestructura/controladores/productos.controlador.ts": {"path":"/Users/gersonmercado/pasarela-ecom-app/backend/src/infraestructura/controladores/productos.controlador.ts","statementMap":{"0":{"start":{"line":1,"column":0},"end":{"line":1,"column":75}},"1":{"start":{"line":2,"column":0},"end":{"line":2,"column":69}},"2":{"start":{"line":3,"column":0},"end":{"line":3,"column":46}},"3":{"start":{"line":7,"column":7},"end":{"line":25,"column":null}},"4":{"start":{"line":8,"column":19},"end":{"line":8,"column":37}},"5":{"start":{"line":15,"column":21},"end":{"line":17,"column":6}},"6":{"start":{"line":19,"column":4},"end":{"line":21,"column":5}},"7":{"start":{"line":20,"column":6},"end":{"line":20,"column":70}},"8":{"start":{"line":23,"column":4},"end":{"line":23,"column":20}},"9":{"start":{"line":7,"column":13},"end":{"line":7,"column":33}},"10":{"start":{"line":14,"column":8},"end":{"line":24,"column":null}},"11":{"start":{"line":7,"column":13},"end":{"line":25,"column":null}}},"fnMap":{"0":{"name":"(anonymous_4)","decl":{"start":{"line":14,"column":8},"end":{"line":14,"column":20}},"loc":{"start":{"line":14,"column":44},"end":{"line":24,"column":3}}}},"branchMap":{"0":{"loc":{"start":{"line":19,"column":4},"end":{"line":21,"column":5}},"type":"if","locations":[{"start":{"line":19,"column":4},"end":{"line":21,"column":5}},{"start":{},"end":{}}]}},"s":{"0":0,"1":0,"2":0,"3":0,"4":0,"5":0,"6":0,"7":0,"8":0,"9":0,"10":0,"11":0},"f":{"0":0},"b":{"0":[0,0]}}
,"/Users/gersonmercado/pasarela-ecom-app/backend/src/infraestructura/controladores/transacciones.controlador.ts": {"path":"/Users/gersonmercado/pasarela-ecom-app/backend/src/infraestructura/controladores/transacciones.controlador.ts","statementMap":{"0":{"start":{"line":1,"column":0},"end":{"line":1,"column":108}},"1":{"start":{"line":2,"column":0},"end":{"line":2,"column":69}},"2":{"start":{"line":5,"column":0},"end":{"line":5,"column":79}},"3":{"start":{"line":6,"column":0},"end":{"line":6,"column":46}},"4":{"start":{"line":10,"column":7},"end":{"line":120,"column":null}},"5":{"start":{"line":11,"column":19},"end":{"line":11,"column":37}},"6":{"start":{"line":17,"column":84},"end":{"line":17,"column":90}},"7":{"start":{"line":19,"column":21},"end":{"line":19,"column":89}},"8":{"start":{"line":20,"column":4},"end":{"line":22,"column":5}},"9":{"start":{"line":21,"column":6},"end":{"line":21,"column":89}},"10":{"start":{"line":25,"column":20},"end":{"line":27,"column":6}},"11":{"start":{"line":28,"column":4},"end":{"line":38,"column":5}},"12":{"start":{"line":29,"column":6},"end":{"line":37,"column":9}},"13":{"start":{"line":41,"column":22},"end":{"line":49,"column":6}},"14":{"start":{"line":51,"column":23},"end":{"line":51,"column":78}},"15":{"start":{"line":52,"column":23},"end":{"line":52,"column":29}},"16":{"start":{"line":53,"column":24},"end":{"line":53,"column":31}},"17":{"start":{"line":54,"column":18},"end":{"line":54,"column":70}},"18":{"start":{"line":57,"column":24},"end":{"line":69,"column":6}},"19":{"start":{"line":72,"column":21},"end":{"line":72,"column":44}},"20":{"start":{"line":73,"column":22},"end":{"line":82,"column":6}},"21":{"start":{"line":84,"column":4},"end":{"line":90,"column":5}},"22":{"start":{"line":85,"column":6},"end":{"line":88,"column":9}},"23":{"start":{"line":89,"column":6},"end":{"line":89,"column":100}},"24":{"start":{"line":92,"column":47},"end":{"line":92,"column":62}},"25":{"start":{"line":95,"column":4},"end":{"line":98,"column":7}},"26":{"start":{"line":100,"column":4},"end":{"line":105,"column":5}},"27":{"start":{"line":101,"column":6},"end":{"line":104,"column":9}},"28":{"start":{"line":107,"column":4},"end":{"line":107,"column":62}},"29":{"start":{"line":113,"column":16},"end":{"line":116,"column":6}},"30":{"start":{"line":117,"column":4},"end":{"line":117,"column":71}},"31":{"start":{"line":117,"column":14},"end":{"line":117,"column":71}},"32":{"start":{"line":118,"column":4},"end":{"line":118,"column":15}},"33":{"start":{"line":10,"column":13},"end":{"line":10,"column":37}},"34":{"start":{"line":16,"column":8},"end":{"line":108,"column":null}},"35":{"start":{"line":112,"column":8},"end":{"line":119,"column":null}},"36":{"start":{"line":10,"column":13},"end":{"line":120,"column":null}}},"fnMap":{"0":{"name":"(anonymous_4)","decl":{"start":{"line":16,"column":8},"end":{"line":16,"column":27}},"loc":{"start":{"line":16,"column":47},"end":{"line":108,"column":3}}},"1":{"name":"(anonymous_5)","decl":{"start":{"line":112,"column":8},"end":{"line":112,"column":22}},"loc":{"start":{"line":112,"column":46},"end":{"line":119,"column":3}}}},"branchMap":{"0":{"loc":{"start":{"line":20,"column":4},"end":{"line":22,"column":5}},"type":"if","locations":[{"start":{"line":20,"column":4},"end":{"line":22,"column":5}},{"start":{},"end":{}}]},"1":{"loc":{"start":{"line":20,"column":8},"end":{"line":20,"column":54}},"type":"binary-expr","locations":[{"start":{"line":20,"column":8},"end":{"line":20,"column":17}},{"start":{"line":20,"column":21},"end":{"line":20,"column":54}}]},"2":{"loc":{"start":{"line":28,"column":4},"end":{"line":38,"column":5}},"type":"if","locations":[{"start":{"line":28,"column":4},"end":{"line":38,"column":5}},{"start":{},"end":{}}]},"3":{"loc":{"start":{"line":34,"column":25},"end":{"line":34,"column":54}},"type":"binary-expr","locations":[{"start":{"line":34,"column":25},"end":{"line":34,"column":46}},{"start":{"line":34,"column":50},"end":{"line":34,"column":54}}]},"4":{"loc":{"start":{"line":35,"column":27},"end":{"line":35,"column":65}},"type":"binary-expr","locations":[{"start":{"line":35,"column":27},"end":{"line":35,"column":50}},{"start":{"line":35,"column":54},"end":{"line":35,"column":65}}]},"5":{"loc":{"start":{"line":47,"column":22},"end":{"line":47,"column":54}},"type":"binary-expr","locations":[{"start":{"line":47,"column":22},"end":{"line":47,"column":42}},{"start":{"line":47,"column":46},"end":{"line":47,"column":54}}]},"6":{"loc":{"start":{"line":84,"column":4},"end":{"line":90,"column":5}},"type":"if","locations":[{"start":{"line":84,"column":4},"end":{"line":90,"column":5}},{"start":{},"end":{}}]},"7":{"loc":{"start":{"line":100,"column":4},"end":{"line":105,"column":5}},"type":"if","locations":[{"start":{"line":100,"column":4},"end":{"line":105,"column":5}},{"start":{},"end":{}}]},"8":{"loc":{"start":{"line":117,"column":4},"end":{"line":117,"column":71}},"type":"if","locations":[{"start":{"line":117,"column":4},"end":{"line":117,"column":71}},{"start":{},"end":{}}]}},"s":{"0":0,"1":0,"2":0,"3":0,"4":0,"5":0,"6":0,"7":0,"8":0,"9":0,"10":0,"11":0,"12":0,"13":0,"14":0,"15":0,"16":0,"17":0,"18":0,"19":0,"20":0,"21":0,"22":0,"23":0,"24":0,"25":0,"26":0,"27":0,"28":0,"29":0,"30":0,"31":0,"32":0,"33":0,"34":0,"35":0,"36":0},"f":{"0":0,"1":0},"b":{"0":[0,0],"1":[0,0],"2":[0,0],"3":[0,0],"4":[0,0],"5":[0,0],"6":[0,0],"7":[0,0],"8":[0,0]}}
}
