{"/Users/gersonmercado/pasarela-ecom-app/backend/src/app.controller.ts": {"path":"/Users/gersonmercado/pasarela-ecom-app/backend/src/app.controller.ts","statementMap":{"0":{"start":{"line":1,"column":0},"end":{"line":1,"column":49}},"1":{"start":{"line":2,"column":0},"end":{"line":2,"column":43}},"2":{"start":{"line":5,"column":7},"end":{"line":12,"column":null}},"3":{"start":{"line":6,"column":31},"end":{"line":6,"column":43}},"4":{"start":{"line":10,"column":4},"end":{"line":10,"column":38}},"5":{"start":{"line":5,"column":13},"end":{"line":5,"column":26}},"6":{"start":{"line":9,"column":2},"end":{"line":11,"column":null}},"7":{"start":{"line":5,"column":13},"end":{"line":12,"column":null}}},"fnMap":{"0":{"name":"(anonymous_2)","decl":{"start":{"line":6,"column":2},"end":{"line":6,"column":31}},"loc":{"start":{"line":6,"column":53},"end":{"line":6,"column":57}}},"1":{"name":"(anonymous_3)","decl":{"start":{"line":9,"column":2},"end":{"line":9,"column":10}},"loc":{"start":{"line":9,"column":10},"end":{"line":11,"column":3}}}},"branchMap":{"0":{"loc":{"start":{"line":6,"column":43},"end":{"line":6,"column":56}},"type":"cond-expr","locations":[{"start":{"line":6,"column":53},"end":{"line":6,"column":56}},{"start":{"line":6,"column":53},"end":{"line":6,"column":56}}]},"1":{"loc":{"start":{"line":6,"column":43},"end":{"line":6,"column":53}},"type":"binary-expr","locations":[{"start":{"line":6,"column":43},"end":{"line":6,"column":56}},{"start":{"line":6,"column":43},"end":{"line":6,"column":53}}]}},"s":{"0":1,"1":1,"2":1,"3":1,"4":1,"5":1,"6":1,"7":1},"f":{"0":1,"1":1},"b":{"0":[1,0],"1":[1,1]}}
,"/Users/gersonmercado/pasarela-ecom-app/backend/src/app.service.ts": {"path":"/Users/gersonmercado/pasarela-ecom-app/backend/src/app.service.ts","statementMap":{"0":{"start":{"line":1,"column":0},"end":{"line":1,"column":44}},"1":{"start":{"line":4,"column":7},"end":{"line":8,"column":null}},"2":{"start":{"line":6,"column":4},"end":{"line":6,"column":26}},"3":{"start":{"line":4,"column":13},"end":{"line":4,"column":23}},"4":{"start":{"line":4,"column":13},"end":{"line":8,"column":null}}},"fnMap":{"0":{"name":"(anonymous_1)","decl":{"start":{"line":5,"column":2},"end":{"line":5,"column":10}},"loc":{"start":{"line":5,"column":10},"end":{"line":7,"column":3}}}},"branchMap":{},"s":{"0":1,"1":1,"2":1,"3":1,"4":1},"f":{"0":1},"b":{}}
,"/Users/gersonmercado/pasarela-ecom-app/backend/src/aplicacion/casos-de-uso/procesar-pago.caso-de-uso.ts": {"path":"/Users/gersonmercado/pasarela-ecom-app/backend/src/aplicacion/casos-de-uso/procesar-pago.caso-de-uso.ts","statementMap":{"0":{"start":{"line":1,"column":0},"end":{"line":1,"column":45}},"1":{"start":{"line":8,"column":21},"end":{"line":8,"column":60}},"2":{"start":{"line":9,"column":21},"end":{"line":9,"column":66}},"3":{"start":{"line":10,"column":21},"end":{"line":10,"column":65}},"4":{"start":{"line":14,"column":21},"end":{"line":14,"column":76}},"5":{"start":{"line":15,"column":4},"end":{"line":17,"column":5}},"6":{"start":{"line":16,"column":6},"end":{"line":16,"column":68}},"7":{"start":{"line":19,"column":24},"end":{"line":19,"column":85}},"8":{"start":{"line":21,"column":30},"end":{"line":21,"column":89}},"9":{"start":{"line":22,"column":4},"end":{"line":25,"column":5}},"10":{"start":{"line":23,"column":6},"end":{"line":23,"column":110}},"11":{"start":{"line":24,"column":6},"end":{"line":24,"column":42}},"12":{"start":{"line":27,"column":22},"end":{"line":27,"column":45}},"13":{"start":{"line":28,"column":4},"end":{"line":28,"column":101}},"14":{"start":{"line":30,"column":4},"end":{"line":32,"column":5}},"15":{"start":{"line":31,"column":6},"end":{"line":31,"column":61}},"16":{"start":{"line":34,"column":4},"end":{"line":34,"column":75}},"17":{"start":{"line":6,"column":0},"end":{"line":6,"column":13}}},"fnMap":{"0":{"name":"(anonymous_0)","decl":{"start":{"line":7,"column":2},"end":{"line":7,"column":null}},"loc":{"start":{"line":10,"column":65},"end":{"line":11,"column":6}}},"1":{"name":"(anonymous_1)","decl":{"start":{"line":13,"column":2},"end":{"line":13,"column":7}},"loc":{"start":{"line":13,"column":29},"end":{"line":35,"column":3}}}},"branchMap":{"0":{"loc":{"start":{"line":15,"column":4},"end":{"line":17,"column":5}},"type":"if","locations":[{"start":{"line":15,"column":4},"end":{"line":17,"column":5}},{"start":{},"end":{}}]},"1":{"loc":{"start":{"line":15,"column":8},"end":{"line":15,"column":54}},"type":"binary-expr","locations":[{"start":{"line":15,"column":8},"end":{"line":15,"column":17}},{"start":{"line":15,"column":21},"end":{"line":15,"column":54}}]},"2":{"loc":{"start":{"line":22,"column":4},"end":{"line":25,"column":5}},"type":"if","locations":[{"start":{"line":22,"column":4},"end":{"line":25,"column":5}},{"start":{},"end":{}}]},"3":{"loc":{"start":{"line":30,"column":4},"end":{"line":32,"column":5}},"type":"if","locations":[{"start":{"line":30,"column":4},"end":{"line":32,"column":5}},{"start":{},"end":{}}]}},"s":{"0":1,"1":5,"2":5,"3":5,"4":5,"5":5,"6":2,"7":3,"8":3,"9":3,"10":1,"11":1,"12":2,"13":2,"14":2,"15":1,"16":2,"17":1},"f":{"0":5,"1":5},"b":{"0":[2,3],"1":[5,4],"2":[1,2],"3":[1,1]}}
,"/Users/gersonmercado/pasarela-ecom-app/backend/src/dominio/modelos/producto.modelo.ts": {"path":"/Users/gersonmercado/pasarela-ecom-app/backend/src/dominio/modelos/producto.modelo.ts","statementMap":{"0":{"start":{"line":3,"column":20},"end":{"line":3,"column":30}},"1":{"start":{"line":4,"column":20},"end":{"line":4,"column":34}},"2":{"start":{"line":5,"column":20},"end":{"line":5,"column":39}},"3":{"start":{"line":6,"column":20},"end":{"line":6,"column":44}},"4":{"start":{"line":7,"column":11},"end":{"line":7,"column":38}},"5":{"start":{"line":8,"column":20},"end":{"line":8,"column":37}},"6":{"start":{"line":9,"column":20},"end":{"line":9,"column":35}},"7":{"start":{"line":10,"column":20},"end":{"line":10,"column":40}},"8":{"start":{"line":14,"column":4},"end":{"line":14,"column":40}},"9":{"start":{"line":1,"column":0},"end":{"line":1,"column":13}}},"fnMap":{"0":{"name":"(anonymous_0)","decl":{"start":{"line":2,"column":2},"end":{"line":2,"column":null}},"loc":{"start":{"line":10,"column":40},"end":{"line":11,"column":6}}},"1":{"name":"(anonymous_1)","decl":{"start":{"line":13,"column":2},"end":{"line":13,"column":12}},"loc":{"start":{"line":13,"column":12},"end":{"line":15,"column":3}}}},"branchMap":{},"s":{"0":7,"1":7,"2":7,"3":7,"4":7,"5":7,"6":7,"7":7,"8":2,"9":3},"f":{"0":7,"1":2},"b":{}}
,"/Users/gersonmercado/pasarela-ecom-app/backend/src/dominio/modelos/transaccion.modelo.ts": {"path":"/Users/gersonmercado/pasarela-ecom-app/backend/src/dominio/modelos/transaccion.modelo.ts","statementMap":{"0":{"start":{"line":5,"column":20},"end":{"line":5,"column":30}},"1":{"start":{"line":6,"column":20},"end":{"line":6,"column":38}},"2":{"start":{"line":7,"column":20},"end":{"line":7,"column":38}},"3":{"start":{"line":8,"column":20},"end":{"line":8,"column":37}},"4":{"start":{"line":9,"column":20},"end":{"line":9,"column":37}},"5":{"start":{"line":10,"column":20},"end":{"line":10,"column":51}},"6":{"start":{"line":11,"column":20},"end":{"line":11,"column":48}},"7":{"start":{"line":12,"column":20},"end":{"line":12,"column":49}},"8":{"start":{"line":13,"column":20},"end":{"line":13,"column":48}},"9":{"start":{"line":14,"column":11},"end":{"line":14,"column":36}},"10":{"start":{"line":15,"column":11},"end":{"line":15,"column":48}},"11":{"start":{"line":16,"column":11},"end":{"line":16,"column":43}},"12":{"start":{"line":17,"column":20},"end":{"line":17,"column":35}},"13":{"start":{"line":18,"column":20},"end":{"line":18,"column":40}},"14":{"start":{"line":3,"column":0},"end":{"line":3,"column":13}}},"fnMap":{"0":{"name":"(anonymous_0)","decl":{"start":{"line":4,"column":2},"end":{"line":4,"column":null}},"loc":{"start":{"line":18,"column":40},"end":{"line":19,"column":6}}}},"branchMap":{},"s":{"0":6,"1":6,"2":6,"3":6,"4":6,"5":6,"6":6,"7":6,"8":6,"9":6,"10":6,"11":6,"12":6,"13":6,"14":2},"f":{"0":6},"b":{}}
,"/Users/gersonmercado/pasarela-ecom-app/backend/src/infraestructura/adaptadores/pasarela/adaptador-pasarela.ts": {"path":"/Users/gersonmercado/pasarela-ecom-app/backend/src/infraestructura/adaptadores/pasarela/adaptador-pasarela.ts","statementMap":{"0":{"start":{"line":1,"column":0},"end":{"line":1,"column":44}},"1":{"start":{"line":2,"column":0},"end":{"line":2,"column":26}},"2":{"start":{"line":3,"column":0},"end":{"line":3,"column":33}},"3":{"start":{"line":4,"column":0},"end":{"line":4,"column":45}},"4":{"start":{"line":12,"column":7},"end":{"line":102,"column":null}},"5":{"start":{"line":13,"column":29},"end":{"line":13,"column":103}},"6":{"start":{"line":14,"column":34},"end":{"line":14,"column":110}},"7":{"start":{"line":15,"column":39},"end":{"line":15,"column":127}},"8":{"start":{"line":18,"column":19},"end":{"line":18,"column":86}},"9":{"start":{"line":19,"column":4},"end":{"line":19,"column":68}},"10":{"start":{"line":23,"column":4},"end":{"line":100,"column":5}},"11":{"start":{"line":24,"column":20},"end":{"line":24,"column":102}},"12":{"start":{"line":26,"column":29},"end":{"line":38,"column":8}},"13":{"start":{"line":40,"column":24},"end":{"line":45,"column":8}},"14":{"start":{"line":47,"column":28},"end":{"line":47,"column":47}},"15":{"start":{"line":50,"column":6},"end":{"line":65,"column":7}},"16":{"start":{"line":51,"column":8},"end":{"line":64,"column":9}},"17":{"start":{"line":51,"column":27},"end":{"line":51,"column":28}},"18":{"start":{"line":52,"column":10},"end":{"line":52,"column":68}},"19":{"start":{"line":52,"column":41},"end":{"line":52,"column":66}},"20":{"start":{"line":53,"column":10},"end":{"line":63,"column":11}},"21":{"start":{"line":54,"column":29},"end":{"line":56,"column":14}},"22":{"start":{"line":57,"column":12},"end":{"line":60,"column":13}},"23":{"start":{"line":58,"column":14},"end":{"line":58,"column":51}},"24":{"start":{"line":59,"column":14},"end":{"line":59,"column":20}},"25":{"start":{"line":67,"column":64},"end":{"line":67,"column":73}},"26":{"start":{"line":68,"column":6},"end":{"line":74,"column":7}},"27":{"start":{"line":69,"column":8},"end":{"line":69,"column":35}},"28":{"start":{"line":70,"column":13},"end":{"line":74,"column":7}},"29":{"start":{"line":71,"column":8},"end":{"line":71,"column":36}},"30":{"start":{"line":72,"column":13},"end":{"line":74,"column":7}},"31":{"start":{"line":73,"column":8},"end":{"line":73,"column":34}},"32":{"start":{"line":76,"column":22},"end":{"line":78,"column":123}},"33":{"start":{"line":80,"column":6},"end":{"line":84,"column":9}},"34":{"start":{"line":86,"column":25},"end":{"line":86,"column":60}},"35":{"start":{"line":87,"column":6},"end":{"line":98,"column":7}},"36":{"start":{"line":88,"column":8},"end":{"line":88,"column":56}},"37":{"start":{"line":89,"column":13},"end":{"line":98,"column":7}},"38":{"start":{"line":90,"column":25},"end":{"line":92,"column":21}},"39":{"start":{"line":91,"column":33},"end":{"line":91,"column":89}},"40":{"start":{"line":93,"column":8},"end":{"line":93,"column":32}},"41":{"start":{"line":94,"column":13},"end":{"line":98,"column":7}},"42":{"start":{"line":95,"column":8},"end":{"line":95,"column":51}},"43":{"start":{"line":96,"column":13},"end":{"line":98,"column":7}},"44":{"start":{"line":97,"column":8},"end":{"line":97,"column":37}},"45":{"start":{"line":99,"column":6},"end":{"line":99,"column":42}},"46":{"start":{"line":12,"column":13},"end":{"line":12,"column":30}},"47":{"start":{"line":12,"column":13},"end":{"line":102,"column":null}}},"fnMap":{"0":{"name":"(anonymous_11)","decl":{"start":{"line":17,"column":10},"end":{"line":17,"column":32}},"loc":{"start":{"line":17,"column":92},"end":{"line":20,"column":3}}},"1":{"name":"(anonymous_12)","decl":{"start":{"line":22,"column":2},"end":{"line":22,"column":7}},"loc":{"start":{"line":22,"column":57},"end":{"line":101,"column":3}}},"2":{"name":"(anonymous_13)","decl":{"start":{"line":52,"column":28},"end":{"line":52,"column":29}},"loc":{"start":{"line":52,"column":41},"end":{"line":52,"column":66}}},"3":{"name":"(anonymous_14)","decl":{"start":{"line":91,"column":15},"end":{"line":91,"column":16}},"loc":{"start":{"line":91,"column":33},"end":{"line":91,"column":89}}}},"branchMap":{"0":{"loc":{"start":{"line":13,"column":29},"end":{"line":13,"column":103}},"type":"binary-expr","locations":[{"start":{"line":13,"column":29},"end":{"line":13,"column":58}},{"start":{"line":13,"column":62},"end":{"line":13,"column":103}}]},"1":{"loc":{"start":{"line":14,"column":34},"end":{"line":14,"column":110}},"type":"binary-expr","locations":[{"start":{"line":14,"column":34},"end":{"line":14,"column":59}},{"start":{"line":14,"column":63},"end":{"line":14,"column":110}}]},"2":{"loc":{"start":{"line":15,"column":39},"end":{"line":15,"column":127}},"type":"binary-expr","locations":[{"start":{"line":15,"column":39},"end":{"line":15,"column":70}},{"start":{"line":15,"column":74},"end":{"line":15,"column":127}}]},"3":{"loc":{"start":{"line":35,"column":24},"end":{"line":35,"column":41}},"type":"binary-expr","locations":[{"start":{"line":35,"column":24},"end":{"line":35,"column":36}},{"start":{"line":35,"column":40},"end":{"line":35,"column":41}}]},"4":{"loc":{"start":{"line":50,"column":6},"end":{"line":65,"column":7}},"type":"if","locations":[{"start":{"line":50,"column":6},"end":{"line":65,"column":7}},{"start":{},"end":{}}]},"5":{"loc":{"start":{"line":57,"column":12},"end":{"line":60,"column":13}},"type":"if","locations":[{"start":{"line":57,"column":12},"end":{"line":60,"column":13}},{"start":{},"end":{}}]},"6":{"loc":{"start":{"line":57,"column":16},"end":{"line":57,"column":86}},"type":"binary-expr","locations":[{"start":{"line":57,"column":16},"end":{"line":57,"column":43}},{"start":{"line":57,"column":47},"end":{"line":57,"column":86}}]},"7":{"loc":{"start":{"line":68,"column":6},"end":{"line":74,"column":7}},"type":"if","locations":[{"start":{"line":68,"column":6},"end":{"line":74,"column":7}},{"start":{"line":70,"column":13},"end":{"line":74,"column":7}}]},"8":{"loc":{"start":{"line":70,"column":13},"end":{"line":74,"column":7}},"type":"if","locations":[{"start":{"line":70,"column":13},"end":{"line":74,"column":7}},{"start":{"line":72,"column":13},"end":{"line":74,"column":7}}]},"9":{"loc":{"start":{"line":72,"column":13},"end":{"line":74,"column":7}},"type":"if","locations":[{"start":{"line":72,"column":13},"end":{"line":74,"column":7}},{"start":{},"end":{}}]},"10":{"loc":{"start":{"line":76,"column":22},"end":{"line":78,"column":123}},"type":"binary-expr","locations":[{"start":{"line":76,"column":22},"end":{"line":76,"column":52}},{"start":{"line":77,"column":9},"end":{"line":78,"column":122}}]},"11":{"loc":{"start":{"line":77,"column":9},"end":{"line":78,"column":122}},"type":"cond-expr","locations":[{"start":{"line":77,"column":40},"end":{"line":77,"column":72}},{"start":{"line":78,"column":9},"end":{"line":78,"column":122}}]},"12":{"loc":{"start":{"line":78,"column":9},"end":{"line":78,"column":122}},"type":"cond-expr","locations":[{"start":{"line":78,"column":41},"end":{"line":78,"column":84}},{"start":{"line":78,"column":87},"end":{"line":78,"column":122}}]},"13":{"loc":{"start":{"line":87,"column":6},"end":{"line":98,"column":7}},"type":"if","locations":[{"start":{"line":87,"column":6},"end":{"line":98,"column":7}},{"start":{"line":89,"column":13},"end":{"line":98,"column":7}}]},"14":{"loc":{"start":{"line":89,"column":13},"end":{"line":98,"column":7}},"type":"if","locations":[{"start":{"line":89,"column":13},"end":{"line":98,"column":7}},{"start":{"line":94,"column":13},"end":{"line":98,"column":7}}]},"15":{"loc":{"start":{"line":91,"column":46},"end":{"line":91,"column":87}},"type":"cond-expr","locations":[{"start":{"line":91,"column":67},"end":{"line":91,"column":81}},{"start":{"line":91,"column":84},"end":{"line":91,"column":87}}]},"16":{"loc":{"start":{"line":94,"column":13},"end":{"line":98,"column":7}},"type":"if","locations":[{"start":{"line":94,"column":13},"end":{"line":98,"column":7}},{"start":{"line":96,"column":13},"end":{"line":98,"column":7}}]},"17":{"loc":{"start":{"line":96,"column":13},"end":{"line":98,"column":7}},"type":"if","locations":[{"start":{"line":96,"column":13},"end":{"line":98,"column":7}},{"start":{},"end":{}}]}},"s":{"0":2,"1":2,"2":2,"3":2,"4":2,"5":8,"6":8,"7":8,"8":8,"9":8,"10":8,"11":8,"12":8,"13":8,"14":4,"15":4,"16":1,"17":1,"18":1,"19":1,"20":1,"21":1,"22":1,"23":1,"24":1,"25":4,"26":4,"27":2,"28":2,"29":1,"30":1,"31":1,"32":4,"33":4,"34":4,"35":4,"36":1,"37":3,"38":1,"39":2,"40":1,"41":2,"42":1,"43":1,"44":1,"45":4,"46":2,"47":2},"f":{"0":8,"1":8,"2":1,"3":2},"b":{"0":[8,8],"1":[8,8],"2":[8,8],"3":[8,0],"4":[1,3],"5":[1,0],"6":[1,1],"7":[2,2],"8":[1,1],"9":[1,0],"10":[4,2],"11":[0,2],"12":[1,1],"13":[1,3],"14":[1,2],"15":[1,1],"16":[1,1],"17":[1,0]}}
,"/Users/gersonmercado/pasarela-ecom-app/backend/src/infraestructura/adaptadores/persistencia/repositorio-producto.postgres.ts": {"path":"/Users/gersonmercado/pasarela-ecom-app/backend/src/infraestructura/adaptadores/persistencia/repositorio-producto.postgres.ts","statementMap":{"0":{"start":{"line":1,"column":0},"end":{"line":1,"column":44}},"1":{"start":{"line":2,"column":0},"end":{"line":2,"column":46}},"2":{"start":{"line":4,"column":0},"end":{"line":4,"column":68}},"3":{"start":{"line":7,"column":7},"end":{"line":29,"column":null}},"4":{"start":{"line":8,"column":19},"end":{"line":8,"column":37}},"5":{"start":{"line":11,"column":21},"end":{"line":11,"column":77}},"6":{"start":{"line":12,"column":4},"end":{"line":12,"column":31}},"7":{"start":{"line":12,"column":19},"end":{"line":12,"column":31}},"8":{"start":{"line":13,"column":4},"end":{"line":20,"column":6}},"9":{"start":{"line":24,"column":4},"end":{"line":27,"column":7}},"10":{"start":{"line":7,"column":13},"end":{"line":7,"column":40}},"11":{"start":{"line":7,"column":13},"end":{"line":29,"column":null}}},"fnMap":{"0":{"name":"(anonymous_1)","decl":{"start":{"line":10,"column":2},"end":{"line":10,"column":7}},"loc":{"start":{"line":10,"column":30},"end":{"line":21,"column":3}}},"1":{"name":"(anonymous_2)","decl":{"start":{"line":23,"column":2},"end":{"line":23,"column":7}},"loc":{"start":{"line":23,"column":51},"end":{"line":28,"column":3}}}},"branchMap":{"0":{"loc":{"start":{"line":12,"column":4},"end":{"line":12,"column":31}},"type":"if","locations":[{"start":{"line":12,"column":4},"end":{"line":12,"column":31}},{"start":{},"end":{}}]}},"s":{"0":1,"1":1,"2":1,"3":1,"4":3,"5":2,"6":2,"7":1,"8":1,"9":1,"10":1,"11":1},"f":{"0":2,"1":1},"b":{"0":[1,1]}}
,"/Users/gersonmercado/pasarela-ecom-app/backend/src/infraestructura/adaptadores/persistencia/repositorio-transaccion.postgres.ts": {"path":"/Users/gersonmercado/pasarela-ecom-app/backend/src/infraestructura/adaptadores/persistencia/repositorio-transaccion.postgres.ts","statementMap":{"0":{"start":{"line":1,"column":0},"end":{"line":1,"column":44}},"1":{"start":{"line":2,"column":0},"end":{"line":2,"column":46}},"2":{"start":{"line":4,"column":0},"end":{"line":4,"column":93}},"3":{"start":{"line":7,"column":7},"end":{"line":102,"column":null}},"4":{"start":{"line":8,"column":19},"end":{"line":8,"column":37}},"5":{"start":{"line":11,"column":21},"end":{"line":23,"column":6}},"6":{"start":{"line":25,"column":4},"end":{"line":40,"column":6}},"7":{"start":{"line":49,"column":4},"end":{"line":56,"column":7}},"8":{"start":{"line":60,"column":21},"end":{"line":60,"column":80}},"9":{"start":{"line":61,"column":4},"end":{"line":61,"column":31}},"10":{"start":{"line":61,"column":19},"end":{"line":61,"column":31}},"11":{"start":{"line":63,"column":4},"end":{"line":78,"column":6}},"12":{"start":{"line":82,"column":21},"end":{"line":82,"column":88}},"13":{"start":{"line":83,"column":4},"end":{"line":83,"column":31}},"14":{"start":{"line":83,"column":19},"end":{"line":83,"column":31}},"15":{"start":{"line":85,"column":4},"end":{"line":100,"column":6}},"16":{"start":{"line":7,"column":13},"end":{"line":7,"column":43}},"17":{"start":{"line":7,"column":13},"end":{"line":102,"column":null}}},"fnMap":{"0":{"name":"(anonymous_1)","decl":{"start":{"line":10,"column":2},"end":{"line":10,"column":7}},"loc":{"start":{"line":10,"column":62},"end":{"line":41,"column":3}}},"1":{"name":"(anonymous_2)","decl":{"start":{"line":43,"column":2},"end":{"line":43,"column":7}},"loc":{"start":{"line":47,"column":34},"end":{"line":57,"column":3}}},"2":{"name":"(anonymous_3)","decl":{"start":{"line":59,"column":2},"end":{"line":59,"column":7}},"loc":{"start":{"line":59,"column":30},"end":{"line":79,"column":3}}},"3":{"name":"(anonymous_4)","decl":{"start":{"line":81,"column":2},"end":{"line":81,"column":7}},"loc":{"start":{"line":81,"column":46},"end":{"line":101,"column":3}}}},"branchMap":{"0":{"loc":{"start":{"line":61,"column":4},"end":{"line":61,"column":31}},"type":"if","locations":[{"start":{"line":61,"column":4},"end":{"line":61,"column":31}},{"start":{},"end":{}}]},"1":{"loc":{"start":{"line":83,"column":4},"end":{"line":83,"column":31}},"type":"if","locations":[{"start":{"line":83,"column":4},"end":{"line":83,"column":31}},{"start":{},"end":{}}]}},"s":{"0":1,"1":1,"2":1,"3":1,"4":6,"5":1,"6":1,"7":1,"8":2,"9":2,"10":1,"11":1,"12":2,"13":2,"14":1,"15":1,"16":1,"17":1},"f":{"0":1,"1":1,"2":2,"3":2},"b":{"0":[1,1],"1":[1,1]}}
,"/Users/gersonmercado/pasarela-ecom-app/backend/src/infraestructura/controladores/productos.controlador.ts": {"path":"/Users/gersonmercado/pasarela-ecom-app/backend/src/infraestructura/controladores/productos.controlador.ts","statementMap":{"0":{"start":{"line":1,"column":0},"end":{"line":1,"column":75}},"1":{"start":{"line":2,"column":0},"end":{"line":2,"column":69}},"2":{"start":{"line":3,"column":0},"end":{"line":3,"column":46}},"3":{"start":{"line":7,"column":7},"end":{"line":25,"column":null}},"4":{"start":{"line":8,"column":19},"end":{"line":8,"column":37}},"5":{"start":{"line":15,"column":21},"end":{"line":17,"column":6}},"6":{"start":{"line":19,"column":4},"end":{"line":21,"column":5}},"7":{"start":{"line":20,"column":6},"end":{"line":20,"column":70}},"8":{"start":{"line":23,"column":4},"end":{"line":23,"column":20}},"9":{"start":{"line":7,"column":13},"end":{"line":7,"column":33}},"10":{"start":{"line":14,"column":8},"end":{"line":24,"column":null}},"11":{"start":{"line":7,"column":13},"end":{"line":25,"column":null}}},"fnMap":{"0":{"name":"(anonymous_4)","decl":{"start":{"line":14,"column":8},"end":{"line":14,"column":20}},"loc":{"start":{"line":14,"column":44},"end":{"line":24,"column":3}}}},"branchMap":{"0":{"loc":{"start":{"line":19,"column":4},"end":{"line":21,"column":5}},"type":"if","locations":[{"start":{"line":19,"column":4},"end":{"line":21,"column":5}},{"start":{},"end":{}}]}},"s":{"0":1,"1":1,"2":1,"3":1,"4":2,"5":2,"6":2,"7":1,"8":1,"9":1,"10":1,"11":1},"f":{"0":2},"b":{"0":[1,1]}}
,"/Users/gersonmercado/pasarela-ecom-app/backend/src/infraestructura/controladores/transacciones.controlador.ts": {"path":"/Users/gersonmercado/pasarela-ecom-app/backend/src/infraestructura/controladores/transacciones.controlador.ts","statementMap":{"0":{"start":{"line":1,"column":0},"end":{"line":1,"column":108}},"1":{"start":{"line":2,"column":0},"end":{"line":2,"column":69}},"2":{"start":{"line":3,"column":0},"end":{"line":3,"column":79}},"3":{"start":{"line":4,"column":0},"end":{"line":4,"column":46}},"4":{"start":{"line":5,"column":0},"end":{"line":5,"column":33}},"5":{"start":{"line":9,"column":7},"end":{"line":129,"column":null}},"6":{"start":{"line":10,"column":19},"end":{"line":10,"column":37}},"7":{"start":{"line":16,"column":84},"end":{"line":16,"column":90}},"8":{"start":{"line":18,"column":21},"end":{"line":18,"column":89}},"9":{"start":{"line":19,"column":4},"end":{"line":21,"column":5}},"10":{"start":{"line":20,"column":6},"end":{"line":20,"column":89}},"11":{"start":{"line":24,"column":20},"end":{"line":26,"column":6}},"12":{"start":{"line":27,"column":4},"end":{"line":37,"column":5}},"13":{"start":{"line":28,"column":6},"end":{"line":36,"column":9}},"14":{"start":{"line":40,"column":22},"end":{"line":48,"column":6}},"15":{"start":{"line":50,"column":23},"end":{"line":50,"column":78}},"16":{"start":{"line":51,"column":23},"end":{"line":51,"column":29}},"17":{"start":{"line":52,"column":24},"end":{"line":52,"column":31}},"18":{"start":{"line":53,"column":18},"end":{"line":53,"column":70}},"19":{"start":{"line":56,"column":24},"end":{"line":68,"column":6}},"20":{"start":{"line":71,"column":28},"end":{"line":71,"column":116}},"21":{"start":{"line":72,"column":24},"end":{"line":72,"column":68}},"22":{"start":{"line":73,"column":28},"end":{"line":73,"column":89}},"23":{"start":{"line":76,"column":21},"end":{"line":76,"column":44}},"24":{"start":{"line":77,"column":22},"end":{"line":86,"column":6}},"25":{"start":{"line":88,"column":4},"end":{"line":94,"column":5}},"26":{"start":{"line":89,"column":6},"end":{"line":92,"column":9}},"27":{"start":{"line":93,"column":6},"end":{"line":93,"column":100}},"28":{"start":{"line":96,"column":47},"end":{"line":96,"column":62}},"29":{"start":{"line":100,"column":24},"end":{"line":102,"column":14}},"30":{"start":{"line":104,"column":4},"end":{"line":107,"column":7}},"31":{"start":{"line":109,"column":4},"end":{"line":114,"column":5}},"32":{"start":{"line":110,"column":6},"end":{"line":113,"column":9}},"33":{"start":{"line":116,"column":4},"end":{"line":116,"column":75}},"34":{"start":{"line":122,"column":16},"end":{"line":125,"column":6}},"35":{"start":{"line":126,"column":4},"end":{"line":126,"column":71}},"36":{"start":{"line":126,"column":14},"end":{"line":126,"column":71}},"37":{"start":{"line":127,"column":4},"end":{"line":127,"column":15}},"38":{"start":{"line":9,"column":13},"end":{"line":9,"column":37}},"39":{"start":{"line":15,"column":8},"end":{"line":117,"column":null}},"40":{"start":{"line":121,"column":8},"end":{"line":128,"column":null}},"41":{"start":{"line":9,"column":13},"end":{"line":129,"column":null}}},"fnMap":{"0":{"name":"(anonymous_13)","decl":{"start":{"line":15,"column":8},"end":{"line":15,"column":27}},"loc":{"start":{"line":15,"column":47},"end":{"line":117,"column":3}}},"1":{"name":"(anonymous_14)","decl":{"start":{"line":121,"column":8},"end":{"line":121,"column":22}},"loc":{"start":{"line":121,"column":46},"end":{"line":128,"column":3}}}},"branchMap":{"0":{"loc":{"start":{"line":19,"column":4},"end":{"line":21,"column":5}},"type":"if","locations":[{"start":{"line":19,"column":4},"end":{"line":21,"column":5}},{"start":{},"end":{}}]},"1":{"loc":{"start":{"line":19,"column":8},"end":{"line":19,"column":54}},"type":"binary-expr","locations":[{"start":{"line":19,"column":8},"end":{"line":19,"column":17}},{"start":{"line":19,"column":21},"end":{"line":19,"column":54}}]},"2":{"loc":{"start":{"line":27,"column":4},"end":{"line":37,"column":5}},"type":"if","locations":[{"start":{"line":27,"column":4},"end":{"line":37,"column":5}},{"start":{},"end":{}}]},"3":{"loc":{"start":{"line":33,"column":25},"end":{"line":33,"column":54}},"type":"binary-expr","locations":[{"start":{"line":33,"column":25},"end":{"line":33,"column":46}},{"start":{"line":33,"column":50},"end":{"line":33,"column":54}}]},"4":{"loc":{"start":{"line":34,"column":27},"end":{"line":34,"column":65}},"type":"binary-expr","locations":[{"start":{"line":34,"column":27},"end":{"line":34,"column":50}},{"start":{"line":34,"column":54},"end":{"line":34,"column":65}}]},"5":{"loc":{"start":{"line":46,"column":22},"end":{"line":46,"column":54}},"type":"binary-expr","locations":[{"start":{"line":46,"column":22},"end":{"line":46,"column":42}},{"start":{"line":46,"column":46},"end":{"line":46,"column":54}}]},"6":{"loc":{"start":{"line":71,"column":28},"end":{"line":71,"column":116}},"type":"binary-expr","locations":[{"start":{"line":71,"column":28},"end":{"line":71,"column":59}},{"start":{"line":71,"column":63},"end":{"line":71,"column":116}}]},"7":{"loc":{"start":{"line":84,"column":14},"end":{"line":84,"column":33}},"type":"binary-expr","locations":[{"start":{"line":84,"column":14},"end":{"line":84,"column":28}},{"start":{"line":84,"column":32},"end":{"line":84,"column":33}}]},"8":{"loc":{"start":{"line":88,"column":4},"end":{"line":94,"column":5}},"type":"if","locations":[{"start":{"line":88,"column":4},"end":{"line":94,"column":5}},{"start":{},"end":{}}]},"9":{"loc":{"start":{"line":100,"column":24},"end":{"line":102,"column":14}},"type":"cond-expr","locations":[{"start":{"line":101,"column":8},"end":{"line":101,"column":18}},{"start":{"line":102,"column":8},"end":{"line":102,"column":14}}]},"10":{"loc":{"start":{"line":100,"column":25},"end":{"line":100,"column":79}},"type":"binary-expr","locations":[{"start":{"line":100,"column":25},"end":{"line":100,"column":54}},{"start":{"line":100,"column":58},"end":{"line":100,"column":79}}]},"11":{"loc":{"start":{"line":109,"column":4},"end":{"line":114,"column":5}},"type":"if","locations":[{"start":{"line":109,"column":4},"end":{"line":114,"column":5}},{"start":{},"end":{}}]},"12":{"loc":{"start":{"line":126,"column":4},"end":{"line":126,"column":71}},"type":"if","locations":[{"start":{"line":126,"column":4},"end":{"line":126,"column":71}},{"start":{},"end":{}}]}},"s":{"0":1,"1":1,"2":1,"3":1,"4":1,"5":1,"6":6,"7":4,"8":4,"9":4,"10":1,"11":3,"12":3,"13":1,"14":3,"15":3,"16":3,"17":3,"18":3,"19":3,"20":3,"21":3,"22":3,"23":3,"24":3,"25":3,"26":1,"27":1,"28":2,"29":2,"30":2,"31":2,"32":1,"33":2,"34":2,"35":2,"36":1,"37":1,"38":1,"39":1,"40":1,"41":1},"f":{"0":4,"1":2},"b":{"0":[1,3],"1":[4,3],"2":[1,2],"3":[1,1],"4":[1,1],"5":[3,2],"6":[3,0],"7":[3,2],"8":[1,2],"9":[1,1],"10":[2,2],"11":[1,1],"12":[1,1]}}
}
