TN:
SF:src/app.controller.ts
FN:6,(anonymous_2)
FN:9,(anonymous_3)
FNF:2
FNH:2
FNDA:1,(anonymous_2)
FNDA:1,(anonymous_3)
DA:1,1
DA:2,1
DA:5,1
DA:6,1
DA:9,1
DA:10,1
LF:6
LH:6
BRDA:6,0,0,1
BRDA:6,0,1,0
BRDA:6,1,0,1
BRDA:6,1,1,1
BRF:4
BRH:3
end_of_record
TN:
SF:src/app.service.ts
FN:5,(anonymous_1)
FNF:1
FNH:1
FNDA:1,(anonymous_1)
DA:1,1
DA:4,1
DA:6,1
LF:3
LH:3
BRF:0
BRH:0
end_of_record
TN:
SF:src/aplicacion/casos-de-uso/procesar-pago.caso-de-uso.ts
FN:7,(anonymous_0)
FN:13,(anonymous_1)
FNF:2
FNH:2
FNDA:5,(anonymous_0)
FNDA:5,(anonymous_1)
DA:1,1
DA:6,1
DA:8,5
DA:9,5
DA:10,5
DA:14,5
DA:15,5
DA:16,2
DA:19,3
DA:21,3
DA:22,3
DA:23,1
DA:24,1
DA:27,2
DA:28,2
DA:30,2
DA:31,1
DA:34,2
LF:18
LH:18
BRDA:15,0,0,2
BRDA:15,0,1,3
BRDA:15,1,0,5
BRDA:15,1,1,4
BRDA:22,2,0,1
BRDA:22,2,1,2
BRDA:30,3,0,1
BRDA:30,3,1,1
BRF:8
BRH:8
end_of_record
TN:
SF:src/dominio/modelos/producto.modelo.ts
FN:2,(anonymous_0)
FN:13,(anonymous_1)
FNF:2
FNH:2
FNDA:7,(anonymous_0)
FNDA:2,(anonymous_1)
DA:1,3
DA:3,7
DA:4,7
DA:5,7
DA:6,7
DA:7,7
DA:8,7
DA:9,7
DA:10,7
DA:14,2
LF:10
LH:10
BRF:0
BRH:0
end_of_record
TN:
SF:src/dominio/modelos/transaccion.modelo.ts
FN:4,(anonymous_0)
FNF:1
FNH:1
FNDA:6,(anonymous_0)
DA:3,2
DA:5,6
DA:6,6
DA:7,6
DA:8,6
DA:9,6
DA:10,6
DA:11,6
DA:12,6
DA:13,6
DA:14,6
DA:15,6
DA:16,6
DA:17,6
DA:18,6
LF:15
LH:15
BRF:0
BRH:0
end_of_record
TN:
SF:src/infraestructura/adaptadores/pasarela/adaptador-pasarela.ts
FN:17,(anonymous_11)
FN:22,(anonymous_12)
FN:52,(anonymous_13)
FN:91,(anonymous_14)
FNF:4
FNH:4
FNDA:8,(anonymous_11)
FNDA:8,(anonymous_12)
FNDA:1,(anonymous_13)
FNDA:2,(anonymous_14)
DA:1,2
DA:2,2
DA:3,2
DA:4,2
DA:12,2
DA:13,8
DA:14,8
DA:15,8
DA:18,8
DA:19,8
DA:23,8
DA:24,8
DA:26,8
DA:40,8
DA:47,4
DA:50,4
DA:51,1
DA:52,1
DA:53,1
DA:54,1
DA:57,1
DA:58,1
DA:59,1
DA:67,4
DA:68,4
DA:69,2
DA:70,2
DA:71,1
DA:72,1
DA:73,1
DA:76,4
DA:80,4
DA:86,4
DA:87,4
DA:88,1
DA:89,3
DA:90,1
DA:91,2
DA:93,1
DA:94,2
DA:95,1
DA:96,1
DA:97,1
DA:99,4
LF:44
LH:44
BRDA:13,0,0,8
BRDA:13,0,1,8
BRDA:14,1,0,8
BRDA:14,1,1,8
BRDA:15,2,0,8
BRDA:15,2,1,8
BRDA:35,3,0,8
BRDA:35,3,1,0
BRDA:50,4,0,1
BRDA:50,4,1,3
BRDA:57,5,0,1
BRDA:57,5,1,0
BRDA:57,6,0,1
BRDA:57,6,1,1
BRDA:68,7,0,2
BRDA:68,7,1,2
BRDA:70,8,0,1
BRDA:70,8,1,1
BRDA:72,9,0,1
BRDA:72,9,1,0
BRDA:76,10,0,4
BRDA:76,10,1,2
BRDA:77,11,0,0
BRDA:77,11,1,2
BRDA:78,12,0,1
BRDA:78,12,1,1
BRDA:87,13,0,1
BRDA:87,13,1,3
BRDA:89,14,0,1
BRDA:89,14,1,2
BRDA:91,15,0,1
BRDA:91,15,1,1
BRDA:94,16,0,1
BRDA:94,16,1,1
BRDA:96,17,0,1
BRDA:96,17,1,0
BRF:36
BRH:31
end_of_record
TN:
SF:src/infraestructura/adaptadores/persistencia/repositorio-producto.postgres.ts
FN:10,(anonymous_1)
FN:23,(anonymous_2)
FNF:2
FNH:2
FNDA:2,(anonymous_1)
FNDA:1,(anonymous_2)
DA:1,1
DA:2,1
DA:4,1
DA:7,1
DA:8,3
DA:11,2
DA:12,2
DA:13,1
DA:24,1
LF:9
LH:9
BRDA:12,0,0,1
BRDA:12,0,1,1
BRF:2
BRH:2
end_of_record
TN:
SF:src/infraestructura/adaptadores/persistencia/repositorio-transaccion.postgres.ts
FN:10,(anonymous_1)
FN:43,(anonymous_2)
FN:59,(anonymous_3)
FN:81,(anonymous_4)
FNF:4
FNH:4
FNDA:1,(anonymous_1)
FNDA:1,(anonymous_2)
FNDA:2,(anonymous_3)
FNDA:2,(anonymous_4)
DA:1,1
DA:2,1
DA:4,1
DA:7,1
DA:8,6
DA:11,1
DA:25,1
DA:49,1
DA:60,2
DA:61,2
DA:63,1
DA:82,2
DA:83,2
DA:85,1
LF:14
LH:14
BRDA:61,0,0,1
BRDA:61,0,1,1
BRDA:83,1,0,1
BRDA:83,1,1,1
BRF:4
BRH:4
end_of_record
TN:
SF:src/infraestructura/controladores/productos.controlador.ts
FN:14,(anonymous_4)
FNF:1
FNH:1
FNDA:2,(anonymous_4)
DA:1,1
DA:2,1
DA:3,1
DA:7,1
DA:8,2
DA:14,1
DA:15,2
DA:19,2
DA:20,1
DA:23,1
LF:10
LH:10
BRDA:19,0,0,1
BRDA:19,0,1,1
BRF:2
BRH:2
end_of_record
TN:
SF:src/infraestructura/controladores/transacciones.controlador.ts
FN:15,(anonymous_13)
FN:121,(anonymous_14)
FNF:2
FNH:2
FNDA:4,(anonymous_13)
FNDA:2,(anonymous_14)
DA:1,1
DA:2,1
DA:3,1
DA:4,1
DA:5,1
DA:9,1
DA:10,6
DA:15,1
DA:16,4
DA:18,4
DA:19,4
DA:20,1
DA:24,3
DA:27,3
DA:28,1
DA:40,3
DA:50,3
DA:51,3
DA:52,3
DA:53,3
DA:56,3
DA:71,3
DA:72,3
DA:73,3
DA:76,3
DA:77,3
DA:88,3
DA:89,1
DA:93,1
DA:96,2
DA:100,2
DA:104,2
DA:109,2
DA:110,1
DA:116,2
DA:121,1
DA:122,2
DA:126,2
DA:127,1
LF:39
LH:39
BRDA:19,0,0,1
BRDA:19,0,1,3
BRDA:19,1,0,4
BRDA:19,1,1,3
BRDA:27,2,0,1
BRDA:27,2,1,2
BRDA:33,3,0,1
BRDA:33,3,1,1
BRDA:34,4,0,1
BRDA:34,4,1,1
BRDA:46,5,0,3
BRDA:46,5,1,2
BRDA:71,6,0,3
BRDA:71,6,1,0
BRDA:84,7,0,3
BRDA:84,7,1,2
BRDA:88,8,0,1
BRDA:88,8,1,2
BRDA:100,9,0,1
BRDA:100,9,1,1
BRDA:100,10,0,2
BRDA:100,10,1,2
BRDA:109,11,0,1
BRDA:109,11,1,1
BRDA:126,12,0,1
BRDA:126,12,1,1
BRF:26
BRH:25
end_of_record
